<?xml version="1.0" encoding="UTF-8"?>
<robot generator="Robot 4.1.3 (Python 3.9.10 on win32)" generated="20220725 23:45:25.839" rpa="false" schemaversion="2">
<suite id="s1" name="test DhakaJobs" source="F:\Automation\Python-Robot-Framework-POM-BDJobs\TestCases\test_DhakaJobs.robot">
<test id="s1-t1" name="MyBDJobs_Test">
<kw name="Open my browser" library="loginKeywords">
<arg>${url}</arg>
<arg>${browser}</arg>
<kw name="Get Chromedriver Path" library="pythonfile">
<var>${driver_path}</var>
<arg>${Browser}</arg>
<msg timestamp="20220725 23:45:26.229" level="INFO">
</msg>
<msg timestamp="20220725 23:45:26.229" level="INFO">====== WebDriver manager ======</msg>
<msg timestamp="20220725 23:45:26.261" level="INFO">Current google-chrome version is 103.0.5060</msg>
<msg timestamp="20220725 23:45:26.261" level="INFO">Get LATEST chromedriver version for 103.0.5060 google-chrome</msg>
<msg timestamp="20220725 23:45:26.620" level="INFO">Driver [C:\Users\Raihan Mondol\.wdm\drivers\chromedriver\win32\103.0.5060.134\chromedriver.exe] found in cache</msg>
<msg timestamp="20220725 23:45:26.620" level="INFO">C:\Users\Raihan Mondol\.wdm\drivers\chromedriver\win32\103.0.5060.134\chromedriver.exe</msg>
<msg timestamp="20220725 23:45:26.620" level="INFO">====== WebDriver manager ======
Current google-chrome version is 103.0.5060
Get LATEST chromedriver version for 103.0.5060 google-chrome
Driver [C:\Users\Raihan Mondol\.wdm\drivers\chromedriver\win32\103.0.5060.134\chromedriver.exe] found in cache</msg>
<msg timestamp="20220725 23:45:26.620" level="INFO">${driver_path} = C:\Users\Raihan Mondol\.wdm\drivers\chromedriver\win32\103.0.5060.134\chromedriver.exe</msg>
<status status="PASS" starttime="20220725 23:45:26.229" endtime="20220725 23:45:26.620"/>
</kw>
<kw name="Open Browser" library="SeleniumLibrary">
<arg>${Siteurl}</arg>
<arg>${Browser}</arg>
<arg>executable_path=${driver_path}</arg>
<doc>Opens a new browser instance to the optional ``url``.</doc>
<msg timestamp="20220725 23:45:26.620" level="INFO">Opening browser 'chrome' to base url 'https://www.bdjobs.com/'.</msg>
<status status="PASS" starttime="20220725 23:45:26.620" endtime="20220725 23:46:05.775"/>
</kw>
<kw name="Sleep" library="BuiltIn">
<arg>5</arg>
<doc>Pauses the test executed for the given time.</doc>
<msg timestamp="20220725 23:46:10.780" level="INFO">Slept 5 seconds</msg>
<status status="PASS" starttime="20220725 23:46:05.775" endtime="20220725 23:46:10.781"/>
</kw>
<kw name="Maximize Browser Window" library="SeleniumLibrary">
<doc>Maximizes current browser window.</doc>
<status status="PASS" starttime="20220725 23:46:10.782" endtime="20220725 23:46:10.962"/>
</kw>
<status status="PASS" starttime="20220725 23:45:26.229" endtime="20220725 23:46:10.962"/>
</kw>
<kw name="Show_Dhaka_Jobs" library="divisionalJobsKeywords">
<kw name="Click Link" library="SeleniumLibrary">
<arg>${dhakajobs}</arg>
<doc>Clicks a link identified by ``locator``.</doc>
<msg timestamp="20220725 23:46:10.964" level="INFO">Clicking link 'xpath://*[@id="main"]/div/div[2]/div/div[1]/div/a[1]'.</msg>
<status status="PASS" starttime="20220725 23:46:10.963" endtime="20220725 23:46:11.190"/>
</kw>
<status status="PASS" starttime="20220725 23:46:10.962" endtime="20220725 23:46:11.190"/>
</kw>
<kw name="Sleep" library="BuiltIn">
<arg>5</arg>
<doc>Pauses the test executed for the given time.</doc>
<msg timestamp="20220725 23:46:16.200" level="INFO">Slept 5 seconds</msg>
<status status="PASS" starttime="20220725 23:46:11.190" endtime="20220725 23:46:16.201"/>
</kw>
<kw name="Close my browser" library="loginKeywords">
<kw name="Close All Browsers" library="SeleniumLibrary">
<doc>Closes all open browsers and resets the browser cache.</doc>
<status status="PASS" starttime="20220725 23:46:16.208" endtime="20220725 23:46:18.496"/>
</kw>
<status status="PASS" starttime="20220725 23:46:16.203" endtime="20220725 23:46:18.496"/>
</kw>
<status status="PASS" starttime="20220725 23:45:26.229" endtime="20220725 23:46:18.496"/>
</test>
<status status="PASS" starttime="20220725 23:45:25.839" endtime="20220725 23:46:18.496"/>
</suite>
<statistics>
<total>
<stat pass="1" fail="0" skip="0">All Tests</stat>
</total>
<tag>
</tag>
<suite>
<stat pass="1" fail="0" skip="0" id="s1" name="test DhakaJobs">test DhakaJobs</stat>
</suite>
</statistics>
<errors>
</errors>
</robot>
