<?xml version="1.0" encoding="UTF-8"?>
<robot generator="Robot 4.1.3 (Python 3.9.10 on win32)" generated="20220322 08:38:46.542" rpa="false" schemaversion="2">
<suite id="s1" name="TestCases" source="F:\RMQUPS\Robot-Framework-practise-master\TestCases">
<suite id="s1-s1" name="test BarishalJobs" source="F:\RMQUPS\Robot-Framework-practise-master\TestCases\test_BarishalJobs.robot">
<test id="s1-s1-t1" name="MyBDJobs_Test">
<kw name="Open my browser" library="loginKeywords">
<arg>${url}</arg>
<arg>${browser}</arg>
<kw name="Open Browser" library="SeleniumLibrary">
<arg>${Siteurl}</arg>
<arg>${Browser}</arg>
<doc>Opens a new browser instance to the optional ``url``.</doc>
<msg timestamp="20220322 08:38:46.839" level="INFO">Opening browser 'chrome' to base url 'https://www.bdjobs.com/'.</msg>
<status status="PASS" starttime="20220322 08:38:46.839" endtime="20220322 08:38:59.965"/>
</kw>
<kw name="Sleep" library="BuiltIn">
<arg>5</arg>
<doc>Pauses the test executed for the given time.</doc>
<msg timestamp="20220322 08:39:04.978" level="INFO">Slept 5 seconds</msg>
<status status="PASS" starttime="20220322 08:38:59.965" endtime="20220322 08:39:04.978"/>
</kw>
<kw name="Maximize Browser Window" library="SeleniumLibrary">
<doc>Maximizes current browser window.</doc>
<status status="PASS" starttime="20220322 08:39:04.978" endtime="20220322 08:39:05.116"/>
</kw>
<status status="PASS" starttime="20220322 08:38:46.839" endtime="20220322 08:39:05.117"/>
</kw>
<kw name="Show_Barishal_Jobs" library="divisionalJobsKeywords">
<kw name="Click Link" library="SeleniumLibrary">
<arg>${barishaljobs}</arg>
<doc>Clicks a link identified by ``locator``.</doc>
<msg timestamp="20220322 08:39:05.122" level="INFO">Clicking link 'xpath://*[@id="main"]/div/div[2]/div/div[1]/div/a[2]'.</msg>
<status status="PASS" starttime="20220322 08:39:05.119" endtime="20220322 08:39:05.296"/>
</kw>
<status status="PASS" starttime="20220322 08:39:05.117" endtime="20220322 08:39:05.297"/>
</kw>
<kw name="Sleep" library="BuiltIn">
<arg>5</arg>
<doc>Pauses the test executed for the given time.</doc>
<msg timestamp="20220322 08:39:10.302" level="INFO">Slept 5 seconds</msg>
<status status="PASS" starttime="20220322 08:39:05.297" endtime="20220322 08:39:10.303"/>
</kw>
<kw name="Close my browser" library="loginKeywords">
<kw name="Close All Browsers" library="SeleniumLibrary">
<doc>Closes all open browsers and resets the browser cache.</doc>
<status status="PASS" starttime="20220322 08:39:10.305" endtime="20220322 08:39:12.502"/>
</kw>
<status status="PASS" starttime="20220322 08:39:10.304" endtime="20220322 08:39:12.502"/>
</kw>
<status status="PASS" starttime="20220322 08:38:46.839" endtime="20220322 08:39:12.502"/>
</test>
<status status="PASS" starttime="20220322 08:38:46.558" endtime="20220322 08:39:12.502"/>
</suite>
<suite id="s1-s2" name="test Companies" source="F:\RMQUPS\Robot-Framework-practise-master\TestCases\test_Companies.robot">
<test id="s1-s2-t1" name="MyBDJobs_Test">
<kw name="Open my browser" library="loginKeywords">
<arg>${url}</arg>
<arg>${browser}</arg>
<kw name="Open Browser" library="SeleniumLibrary">
<arg>${Siteurl}</arg>
<arg>${Browser}</arg>
<doc>Opens a new browser instance to the optional ``url``.</doc>
<msg timestamp="20220322 08:39:12.502" level="INFO">Opening browser 'chrome' to base url 'https://www.bdjobs.com/'.</msg>
<status status="PASS" starttime="20220322 08:39:12.502" endtime="20220322 08:39:18.991"/>
</kw>
<kw name="Sleep" library="BuiltIn">
<arg>5</arg>
<doc>Pauses the test executed for the given time.</doc>
<msg timestamp="20220322 08:39:24.003" level="INFO">Slept 5 seconds</msg>
<status status="PASS" starttime="20220322 08:39:18.991" endtime="20220322 08:39:24.003"/>
</kw>
<kw name="Maximize Browser Window" library="SeleniumLibrary">
<doc>Maximizes current browser window.</doc>
<status status="PASS" starttime="20220322 08:39:24.003" endtime="20220322 08:39:24.133"/>
</kw>
<status status="PASS" starttime="20220322 08:39:12.502" endtime="20220322 08:39:24.134"/>
</kw>
<kw name="Show_Companies" library="underJobSearchKeywords">
<kw name="Click Element" library="SeleniumLibrary">
<arg>${companiesButton}</arg>
<doc>Click the element identified by ``locator``.</doc>
<msg timestamp="20220322 08:39:24.136" level="INFO">Clicking element 'xpath://*[@id="main"]/div/div[1]/div/div[2]/a[3]/div/div'.</msg>
<status status="PASS" starttime="20220322 08:39:24.135" endtime="20220322 08:39:24.292"/>
</kw>
<status status="PASS" starttime="20220322 08:39:24.135" endtime="20220322 08:39:24.292"/>
</kw>
<kw name="Sleep" library="BuiltIn">
<arg>5</arg>
<doc>Pauses the test executed for the given time.</doc>
<msg timestamp="20220322 08:39:29.294" level="INFO">Slept 5 seconds</msg>
<status status="PASS" starttime="20220322 08:39:24.293" endtime="20220322 08:39:29.294"/>
</kw>
<kw name="Close my browser" library="loginKeywords">
<kw name="Close All Browsers" library="SeleniumLibrary">
<doc>Closes all open browsers and resets the browser cache.</doc>
<status status="PASS" starttime="20220322 08:39:29.295" endtime="20220322 08:39:31.492"/>
</kw>
<status status="PASS" starttime="20220322 08:39:29.295" endtime="20220322 08:39:31.492"/>
</kw>
<status status="PASS" starttime="20220322 08:39:12.502" endtime="20220322 08:39:31.492"/>
</test>
<status status="PASS" starttime="20220322 08:39:12.502" endtime="20220322 08:39:31.492"/>
</suite>
<suite id="s1-s3" name="test DhakaJobs" source="F:\RMQUPS\Robot-Framework-practise-master\TestCases\test_DhakaJobs.robot">
<test id="s1-s3-t1" name="MyBDJobs_Test">
<kw name="Open my browser" library="loginKeywords">
<arg>${url}</arg>
<arg>${browser}</arg>
<kw name="Open Browser" library="SeleniumLibrary">
<arg>${Siteurl}</arg>
<arg>${Browser}</arg>
<doc>Opens a new browser instance to the optional ``url``.</doc>
<msg timestamp="20220322 08:39:31.507" level="INFO">Opening browser 'chrome' to base url 'https://www.bdjobs.com/'.</msg>
<status status="PASS" starttime="20220322 08:39:31.492" endtime="20220322 08:39:38.176"/>
</kw>
<kw name="Sleep" library="BuiltIn">
<arg>5</arg>
<doc>Pauses the test executed for the given time.</doc>
<msg timestamp="20220322 08:39:43.183" level="INFO">Slept 5 seconds</msg>
<status status="PASS" starttime="20220322 08:39:38.176" endtime="20220322 08:39:43.183"/>
</kw>
<kw name="Maximize Browser Window" library="SeleniumLibrary">
<doc>Maximizes current browser window.</doc>
<status status="PASS" starttime="20220322 08:39:43.183" endtime="20220322 08:39:43.328"/>
</kw>
<status status="PASS" starttime="20220322 08:39:31.492" endtime="20220322 08:39:43.328"/>
</kw>
<kw name="Show_Dhaka_Jobs" library="divisionalJobsKeywords">
<kw name="Click Link" library="SeleniumLibrary">
<arg>${dhakajobs}</arg>
<doc>Clicks a link identified by ``locator``.</doc>
<msg timestamp="20220322 08:39:43.330" level="INFO">Clicking link 'xpath://*[@id="main"]/div/div[2]/div/div[1]/div/a[1]'.</msg>
<status status="PASS" starttime="20220322 08:39:43.330" endtime="20220322 08:39:43.569"/>
</kw>
<status status="PASS" starttime="20220322 08:39:43.329" endtime="20220322 08:39:43.569"/>
</kw>
<kw name="Sleep" library="BuiltIn">
<arg>5</arg>
<doc>Pauses the test executed for the given time.</doc>
<msg timestamp="20220322 08:39:48.577" level="INFO">Slept 5 seconds</msg>
<status status="PASS" starttime="20220322 08:39:43.571" endtime="20220322 08:39:48.577"/>
</kw>
<kw name="Close my browser" library="loginKeywords">
<kw name="Close All Browsers" library="SeleniumLibrary">
<doc>Closes all open browsers and resets the browser cache.</doc>
<status status="PASS" starttime="20220322 08:39:48.578" endtime="20220322 08:39:50.807"/>
</kw>
<status status="PASS" starttime="20220322 08:39:48.578" endtime="20220322 08:39:50.807"/>
</kw>
<status status="PASS" starttime="20220322 08:39:31.492" endtime="20220322 08:39:50.807"/>
</test>
<status status="PASS" starttime="20220322 08:39:31.492" endtime="20220322 08:39:50.807"/>
</suite>
<suite id="s1-s4" name="test Elearning" source="F:\RMQUPS\Robot-Framework-practise-master\TestCases\test_Elearning.robot">
<test id="s1-s4-t1" name="MyBDJobs_Test">
<kw name="Open my browser" library="loginKeywords">
<arg>${url}</arg>
<arg>${browser}</arg>
<kw name="Open Browser" library="SeleniumLibrary">
<arg>${Siteurl}</arg>
<arg>${Browser}</arg>
<doc>Opens a new browser instance to the optional ``url``.</doc>
<msg timestamp="20220322 08:39:50.807" level="INFO">Opening browser 'chrome' to base url 'https://www.bdjobs.com/'.</msg>
<status status="PASS" starttime="20220322 08:39:50.807" endtime="20220322 08:39:57.337"/>
</kw>
<kw name="Sleep" library="BuiltIn">
<arg>5</arg>
<doc>Pauses the test executed for the given time.</doc>
<msg timestamp="20220322 08:40:02.344" level="INFO">Slept 5 seconds</msg>
<status status="PASS" starttime="20220322 08:39:57.337" endtime="20220322 08:40:02.344"/>
</kw>
<kw name="Maximize Browser Window" library="SeleniumLibrary">
<doc>Maximizes current browser window.</doc>
<status status="PASS" starttime="20220322 08:40:02.344" endtime="20220322 08:40:02.482"/>
</kw>
<status status="PASS" starttime="20220322 08:39:50.807" endtime="20220322 08:40:02.482"/>
</kw>
<kw name="Login" library="loginKeywords">
<arg>${email}</arg>
<arg>${password}</arg>
<kw name="Sleep" library="BuiltIn">
<arg>2</arg>
<doc>Pauses the test executed for the given time.</doc>
<msg timestamp="20220322 08:40:04.494" level="INFO">Slept 2 seconds</msg>
<status status="PASS" starttime="20220322 08:40:02.484" endtime="20220322 08:40:04.494"/>
</kw>
<kw name="Click Link" library="SeleniumLibrary">
<arg>${signIn_locator}</arg>
<doc>Clicks a link identified by ``locator``.</doc>
<msg timestamp="20220322 08:40:04.494" level="INFO">Clicking link 'xpath://*[@id="bs-example-navbar-collapse-1"]/ul/li[3]/a'.</msg>
<status status="PASS" starttime="20220322 08:40:04.494" endtime="20220322 08:40:04.555"/>
</kw>
<kw name="Sleep" library="BuiltIn">
<arg>2</arg>
<doc>Pauses the test executed for the given time.</doc>
<msg timestamp="20220322 08:40:06.561" level="INFO">Slept 2 seconds</msg>
<status status="PASS" starttime="20220322 08:40:04.555" endtime="20220322 08:40:06.561"/>
</kw>
<kw name="Click Element" library="SeleniumLibrary">
<arg>${signIn_locator2}</arg>
<doc>Click the element identified by ``locator``.</doc>
<msg timestamp="20220322 08:40:06.561" level="INFO">Clicking element 'xpath://*[@id="bs-example-navbar-collapse-1"]/ul/li[3]/ul/li/div[1]/div[2]/div[3]/a[1]'.</msg>
<status status="PASS" starttime="20220322 08:40:06.561" endtime="20220322 08:40:09.465"/>
</kw>
<kw name="Sleep" library="BuiltIn">
<arg>2</arg>
<doc>Pauses the test executed for the given time.</doc>
<msg timestamp="20220322 08:40:11.472" level="INFO">Slept 2 seconds</msg>
<status status="PASS" starttime="20220322 08:40:09.465" endtime="20220322 08:40:11.472"/>
</kw>
<kw name="Input Text" library="SeleniumLibrary">
<arg>${enter_username_textbox_locator}</arg>
<arg>${username}</arg>
<doc>Types the given ``text`` into the text field identified by ``locator``.</doc>
<msg timestamp="20220322 08:40:11.472" level="INFO">Typing text 'rm.qups@gmail.com' into text field 'id:TXTUSERNAME'.</msg>
<status status="PASS" starttime="20220322 08:40:11.472" endtime="20220322 08:40:11.585"/>
</kw>
<kw name="Sleep" library="BuiltIn">
<arg>2</arg>
<doc>Pauses the test executed for the given time.</doc>
<msg timestamp="20220322 08:40:13.597" level="INFO">Slept 2 seconds</msg>
<status status="PASS" starttime="20220322 08:40:11.585" endtime="20220322 08:40:13.597"/>
</kw>
<kw name="Click Element" library="SeleniumLibrary">
<arg>${next_button_locator}</arg>
<doc>Click the element identified by ``locator``.</doc>
<msg timestamp="20220322 08:40:13.597" level="INFO">Clicking element 'xpath://*[@id="form1"]/div[2]/div/div[2]/div/div[2]/input'.</msg>
<status status="PASS" starttime="20220322 08:40:13.597" endtime="20220322 08:40:15.375"/>
</kw>
<kw name="Sleep" library="BuiltIn">
<arg>2</arg>
<doc>Pauses the test executed for the given time.</doc>
<msg timestamp="20220322 08:40:17.379" level="INFO">Slept 2 seconds</msg>
<status status="PASS" starttime="20220322 08:40:15.375" endtime="20220322 08:40:17.379"/>
</kw>
<kw name="Input Text" library="SeleniumLibrary">
<arg>${enter_password_button}</arg>
<arg>${password}</arg>
<doc>Types the given ``text`` into the text field identified by ``locator``.</doc>
<msg timestamp="20220322 08:40:17.379" level="INFO">Typing text 'rm123456789' into text field 'id:TXTPASS'.</msg>
<status status="PASS" starttime="20220322 08:40:17.379" endtime="20220322 08:40:17.454"/>
</kw>
<kw name="Sleep" library="BuiltIn">
<arg>2</arg>
<doc>Pauses the test executed for the given time.</doc>
<msg timestamp="20220322 08:40:19.465" level="INFO">Slept 2 seconds</msg>
<status status="PASS" starttime="20220322 08:40:17.454" endtime="20220322 08:40:19.465"/>
</kw>
<kw name="Click Element" library="SeleniumLibrary">
<arg>${submit_button_locator}</arg>
<doc>Click the element identified by ``locator``.</doc>
<msg timestamp="20220322 08:40:19.465" level="INFO">Clicking element 'xpath://*[@id="form1"]/div[2]/div/div[2]/div/div[2]/input'.</msg>
<status status="PASS" starttime="20220322 08:40:19.465" endtime="20220322 08:40:19.505"/>
</kw>
<kw name="Sleep" library="BuiltIn">
<arg>5</arg>
<doc>Pauses the test executed for the given time.</doc>
<msg timestamp="20220322 08:40:24.520" level="INFO">Slept 5 seconds</msg>
<status status="PASS" starttime="20220322 08:40:19.505" endtime="20220322 08:40:24.520"/>
</kw>
<status status="PASS" starttime="20220322 08:40:02.483" endtime="20220322 08:40:24.520"/>
</kw>
<kw name="Open_E-learning" library="navbarKeywords">
<kw name="Click Link" library="SeleniumLibrary">
<arg>${elearningButton}</arg>
<doc>Clicks a link identified by ``locator``.</doc>
<msg timestamp="20220322 08:40:24.521" level="INFO">Clicking link 'xpath://*[@id="lin_header_top02"]/div/div/div/div/ul/li[3]/a'.</msg>
<status status="PASS" starttime="20220322 08:40:24.521" endtime="20220322 08:40:24.722"/>
</kw>
<kw name="Sleep" library="BuiltIn">
<arg>2</arg>
<doc>Pauses the test executed for the given time.</doc>
<msg timestamp="20220322 08:40:26.733" level="INFO">Slept 2 seconds</msg>
<status status="PASS" starttime="20220322 08:40:24.722" endtime="20220322 08:40:26.733"/>
</kw>
<status status="PASS" starttime="20220322 08:40:24.521" endtime="20220322 08:40:26.733"/>
</kw>
<kw name="E-Learning Assertion" library="navbarKeywords">
<kw name="Element Should Be Enabled" library="SeleniumLibrary">
<arg>${elearningButton}</arg>
<doc>Verifies that element identified by ``locator`` is enabled.</doc>
<status status="PASS" starttime="20220322 08:40:26.734" endtime="20220322 08:40:26.758"/>
</kw>
<status status="PASS" starttime="20220322 08:40:26.733" endtime="20220322 08:40:26.759"/>
</kw>
<kw name="Close my browser" library="loginKeywords">
<kw name="Close All Browsers" library="SeleniumLibrary">
<doc>Closes all open browsers and resets the browser cache.</doc>
<status status="PASS" starttime="20220322 08:40:26.759" endtime="20220322 08:40:28.968"/>
</kw>
<status status="PASS" starttime="20220322 08:40:26.759" endtime="20220322 08:40:28.968"/>
</kw>
<status status="PASS" starttime="20220322 08:39:50.807" endtime="20220322 08:40:28.968"/>
</test>
<status status="PASS" starttime="20220322 08:39:50.807" endtime="20220322 08:40:28.968"/>
</suite>
<suite id="s1-s5" name="test Employers" source="F:\RMQUPS\Robot-Framework-practise-master\TestCases\test_Employers.robot">
<test id="s1-s5-t1" name="MyBDJobs_Test">
<kw name="Open my browser" library="loginKeywords">
<arg>${url}</arg>
<arg>${browser}</arg>
<kw name="Open Browser" library="SeleniumLibrary">
<arg>${Siteurl}</arg>
<arg>${Browser}</arg>
<doc>Opens a new browser instance to the optional ``url``.</doc>
<msg timestamp="20220322 08:40:28.968" level="INFO">Opening browser 'chrome' to base url 'https://www.bdjobs.com/'.</msg>
<status status="PASS" starttime="20220322 08:40:28.968" endtime="20220322 08:40:35.442"/>
</kw>
<kw name="Sleep" library="BuiltIn">
<arg>5</arg>
<doc>Pauses the test executed for the given time.</doc>
<msg timestamp="20220322 08:40:40.447" level="INFO">Slept 5 seconds</msg>
<status status="PASS" starttime="20220322 08:40:35.443" endtime="20220322 08:40:40.447"/>
</kw>
<kw name="Maximize Browser Window" library="SeleniumLibrary">
<doc>Maximizes current browser window.</doc>
<status status="PASS" starttime="20220322 08:40:40.447" endtime="20220322 08:40:40.592"/>
</kw>
<status status="PASS" starttime="20220322 08:40:28.968" endtime="20220322 08:40:40.592"/>
</kw>
<kw name="Login" library="loginKeywords">
<arg>${email}</arg>
<arg>${password}</arg>
<kw name="Sleep" library="BuiltIn">
<arg>2</arg>
<doc>Pauses the test executed for the given time.</doc>
<msg timestamp="20220322 08:40:42.603" level="INFO">Slept 2 seconds</msg>
<status status="PASS" starttime="20220322 08:40:40.597" endtime="20220322 08:40:42.603"/>
</kw>
<kw name="Click Link" library="SeleniumLibrary">
<arg>${signIn_locator}</arg>
<doc>Clicks a link identified by ``locator``.</doc>
<msg timestamp="20220322 08:40:42.604" level="INFO">Clicking link 'xpath://*[@id="bs-example-navbar-collapse-1"]/ul/li[3]/a'.</msg>
<status status="PASS" starttime="20220322 08:40:42.604" endtime="20220322 08:40:42.666"/>
</kw>
<kw name="Sleep" library="BuiltIn">
<arg>2</arg>
<doc>Pauses the test executed for the given time.</doc>
<msg timestamp="20220322 08:40:44.670" level="INFO">Slept 2 seconds</msg>
<status status="PASS" starttime="20220322 08:40:42.666" endtime="20220322 08:40:44.670"/>
</kw>
<kw name="Click Element" library="SeleniumLibrary">
<arg>${signIn_locator2}</arg>
<doc>Click the element identified by ``locator``.</doc>
<msg timestamp="20220322 08:40:44.670" level="INFO">Clicking element 'xpath://*[@id="bs-example-navbar-collapse-1"]/ul/li[3]/ul/li/div[1]/div[2]/div[3]/a[1]'.</msg>
<status status="PASS" starttime="20220322 08:40:44.670" endtime="20220322 08:40:48.811"/>
</kw>
<kw name="Sleep" library="BuiltIn">
<arg>2</arg>
<doc>Pauses the test executed for the given time.</doc>
<msg timestamp="20220322 08:40:50.820" level="INFO">Slept 2 seconds</msg>
<status status="PASS" starttime="20220322 08:40:48.811" endtime="20220322 08:40:50.820"/>
</kw>
<kw name="Input Text" library="SeleniumLibrary">
<arg>${enter_username_textbox_locator}</arg>
<arg>${username}</arg>
<doc>Types the given ``text`` into the text field identified by ``locator``.</doc>
<msg timestamp="20220322 08:40:50.820" level="INFO">Typing text 'rm.qups@gmail.com' into text field 'id:TXTUSERNAME'.</msg>
<status status="PASS" starttime="20220322 08:40:50.820" endtime="20220322 08:40:50.922"/>
</kw>
<kw name="Sleep" library="BuiltIn">
<arg>2</arg>
<doc>Pauses the test executed for the given time.</doc>
<msg timestamp="20220322 08:40:52.935" level="INFO">Slept 2 seconds</msg>
<status status="PASS" starttime="20220322 08:40:50.923" endtime="20220322 08:40:52.935"/>
</kw>
<kw name="Click Element" library="SeleniumLibrary">
<arg>${next_button_locator}</arg>
<doc>Click the element identified by ``locator``.</doc>
<msg timestamp="20220322 08:40:52.935" level="INFO">Clicking element 'xpath://*[@id="form1"]/div[2]/div/div[2]/div/div[2]/input'.</msg>
<status status="PASS" starttime="20220322 08:40:52.935" endtime="20220322 08:40:54.822"/>
</kw>
<kw name="Sleep" library="BuiltIn">
<arg>2</arg>
<doc>Pauses the test executed for the given time.</doc>
<msg timestamp="20220322 08:40:56.827" level="INFO">Slept 2 seconds</msg>
<status status="PASS" starttime="20220322 08:40:54.822" endtime="20220322 08:40:56.827"/>
</kw>
<kw name="Input Text" library="SeleniumLibrary">
<arg>${enter_password_button}</arg>
<arg>${password}</arg>
<doc>Types the given ``text`` into the text field identified by ``locator``.</doc>
<msg timestamp="20220322 08:40:56.827" level="INFO">Typing text 'rm123456789' into text field 'id:TXTPASS'.</msg>
<status status="PASS" starttime="20220322 08:40:56.827" endtime="20220322 08:40:56.905"/>
</kw>
<kw name="Sleep" library="BuiltIn">
<arg>2</arg>
<doc>Pauses the test executed for the given time.</doc>
<msg timestamp="20220322 08:40:58.918" level="INFO">Slept 2 seconds</msg>
<status status="PASS" starttime="20220322 08:40:56.905" endtime="20220322 08:40:58.918"/>
</kw>
<kw name="Click Element" library="SeleniumLibrary">
<arg>${submit_button_locator}</arg>
<doc>Click the element identified by ``locator``.</doc>
<msg timestamp="20220322 08:40:58.918" level="INFO">Clicking element 'xpath://*[@id="form1"]/div[2]/div/div[2]/div/div[2]/input'.</msg>
<status status="PASS" starttime="20220322 08:40:58.918" endtime="20220322 08:40:58.971"/>
</kw>
<kw name="Sleep" library="BuiltIn">
<arg>5</arg>
<doc>Pauses the test executed for the given time.</doc>
<msg timestamp="20220322 08:41:03.976" level="INFO">Slept 5 seconds</msg>
<status status="PASS" starttime="20220322 08:40:58.972" endtime="20220322 08:41:03.976"/>
</kw>
<status status="PASS" starttime="20220322 08:40:40.594" endtime="20220322 08:41:03.976"/>
</kw>
<kw name="Open_Employers" library="navbarKeywords">
<kw name="Click Link" library="SeleniumLibrary">
<arg>${employerButton}</arg>
<doc>Clicks a link identified by ``locator``.</doc>
<msg timestamp="20220322 08:41:03.978" level="INFO">Clicking link 'xpath://*[@id="lin_header_top02"]/div/div/div/div/ul/li[5]/a'.</msg>
<status status="PASS" starttime="20220322 08:41:03.977" endtime="20220322 08:41:04.151"/>
</kw>
<kw name="Sleep" library="BuiltIn">
<arg>2</arg>
<doc>Pauses the test executed for the given time.</doc>
<msg timestamp="20220322 08:41:06.155" level="INFO">Slept 2 seconds</msg>
<status status="PASS" starttime="20220322 08:41:04.151" endtime="20220322 08:41:06.155"/>
</kw>
<status status="PASS" starttime="20220322 08:41:03.977" endtime="20220322 08:41:06.155"/>
</kw>
<kw name="Employers Assertion" library="navbarKeywords">
<kw name="Element Should Be Enabled" library="SeleniumLibrary">
<arg>${employerButton}</arg>
<doc>Verifies that element identified by ``locator`` is enabled.</doc>
<status status="PASS" starttime="20220322 08:41:06.156" endtime="20220322 08:41:06.200"/>
</kw>
<status status="PASS" starttime="20220322 08:41:06.155" endtime="20220322 08:41:06.200"/>
</kw>
<kw name="Close my browser" library="loginKeywords">
<kw name="Close All Browsers" library="SeleniumLibrary">
<doc>Closes all open browsers and resets the browser cache.</doc>
<status status="PASS" starttime="20220322 08:41:06.201" endtime="20220322 08:41:08.373"/>
</kw>
<status status="PASS" starttime="20220322 08:41:06.200" endtime="20220322 08:41:08.373"/>
</kw>
<status status="PASS" starttime="20220322 08:40:28.968" endtime="20220322 08:41:08.373"/>
</test>
<status status="PASS" starttime="20220322 08:40:28.968" endtime="20220322 08:41:08.373"/>
</suite>
<suite id="s1-s6" name="test GovernmentJob" source="F:\RMQUPS\Robot-Framework-practise-master\TestCases\test_GovernmentJob.robot">
<test id="s1-s6-t1" name="MyBDJobs_Test">
<kw name="Open my browser" library="loginKeywords">
<arg>${url}</arg>
<arg>${browser}</arg>
<kw name="Open Browser" library="SeleniumLibrary">
<arg>${Siteurl}</arg>
<arg>${Browser}</arg>
<doc>Opens a new browser instance to the optional ``url``.</doc>
<msg timestamp="20220322 08:41:08.420" level="INFO">Opening browser 'chrome' to base url 'https://www.bdjobs.com/'.</msg>
<status status="PASS" starttime="20220322 08:41:08.420" endtime="20220322 08:41:14.931"/>
</kw>
<kw name="Sleep" library="BuiltIn">
<arg>5</arg>
<doc>Pauses the test executed for the given time.</doc>
<msg timestamp="20220322 08:41:19.943" level="INFO">Slept 5 seconds</msg>
<status status="PASS" starttime="20220322 08:41:14.931" endtime="20220322 08:41:19.943"/>
</kw>
<kw name="Maximize Browser Window" library="SeleniumLibrary">
<doc>Maximizes current browser window.</doc>
<status status="PASS" starttime="20220322 08:41:19.943" endtime="20220322 08:41:20.083"/>
</kw>
<status status="PASS" starttime="20220322 08:41:08.420" endtime="20220322 08:41:20.084"/>
</kw>
<kw name="Search_By_keywords" library="searchJobkeywords">
<arg>${jobname}</arg>
<kw name="Input Text" library="SeleniumLibrary">
<arg>${searchTxtBox}</arg>
<arg>${jobname}</arg>
<doc>Types the given ``text`` into the text field identified by ``locator``.</doc>
<msg timestamp="20220322 08:41:20.086" level="INFO">Typing text 'QA Engineer' into text field 'xpath://*[@id="txtKeyword"]'.</msg>
<status status="PASS" starttime="20220322 08:41:20.085" endtime="20220322 08:41:20.256"/>
</kw>
<kw name="Sleep" library="BuiltIn">
<arg>2</arg>
<doc>Pauses the test executed for the given time.</doc>
<msg timestamp="20220322 08:41:22.266" level="INFO">Slept 2 seconds</msg>
<status status="PASS" starttime="20220322 08:41:20.256" endtime="20220322 08:41:22.266"/>
</kw>
<status status="PASS" starttime="20220322 08:41:20.084" endtime="20220322 08:41:22.266"/>
</kw>
<kw name="Select_Organization_Type_For_GOVERNMENT" library="searchJobkeywords">
<kw name="Select From List By Index" library="SeleniumLibrary">
<arg>${organizationType}</arg>
<arg>1</arg>
<doc>Selects options from selection list ``locator`` by ``indexes``.</doc>
<msg timestamp="20220322 08:41:22.267" level="INFO">Selecting options from selection list 'xpath://*[@id="qOT"]' by index 1.</msg>
<status status="PASS" starttime="20220322 08:41:22.267" endtime="20220322 08:41:22.366"/>
</kw>
<status status="PASS" starttime="20220322 08:41:22.267" endtime="20220322 08:41:22.366"/>
</kw>
<kw name="Submit" library="searchJobkeywords">
<kw name="Click Element" library="SeleniumLibrary">
<arg>${searchSubmitButton}</arg>
<doc>Click the element identified by ``locator``.</doc>
<msg timestamp="20220322 08:41:22.367" level="INFO">Clicking element 'xpath://*[@id="main"]/div/div[1]/div/div[1]/form/input[2]'.</msg>
<status status="PASS" starttime="20220322 08:41:22.367" endtime="20220322 08:41:22.472"/>
</kw>
<status status="PASS" starttime="20220322 08:41:22.367" endtime="20220322 08:41:22.472"/>
</kw>
<kw name="Sleep" library="BuiltIn">
<arg>5</arg>
<doc>Pauses the test executed for the given time.</doc>
<msg timestamp="20220322 08:41:27.481" level="INFO">Slept 5 seconds</msg>
<status status="PASS" starttime="20220322 08:41:22.473" endtime="20220322 08:41:27.481"/>
</kw>
<kw name="Close my browser" library="loginKeywords">
<kw name="Close All Browsers" library="SeleniumLibrary">
<doc>Closes all open browsers and resets the browser cache.</doc>
<status status="PASS" starttime="20220322 08:41:27.482" endtime="20220322 08:41:29.692"/>
</kw>
<status status="PASS" starttime="20220322 08:41:27.482" endtime="20220322 08:41:29.692"/>
</kw>
<status status="PASS" starttime="20220322 08:41:08.420" endtime="20220322 08:41:29.692"/>
</test>
<status status="PASS" starttime="20220322 08:41:08.373" endtime="20220322 08:41:29.692"/>
</suite>
<suite id="s1-s7" name="test InternationalAgencies" source="F:\RMQUPS\Robot-Framework-practise-master\TestCases\test_InternationalAgencies.robot">
<test id="s1-s7-t1" name="MyBDJobs_Test">
<kw name="Open my browser" library="loginKeywords">
<arg>${url}</arg>
<arg>${browser}</arg>
<kw name="Open Browser" library="SeleniumLibrary">
<arg>${Siteurl}</arg>
<arg>${Browser}</arg>
<doc>Opens a new browser instance to the optional ``url``.</doc>
<msg timestamp="20220322 08:41:29.692" level="INFO">Opening browser 'chrome' to base url 'https://www.bdjobs.com/'.</msg>
<status status="PASS" starttime="20220322 08:41:29.692" endtime="20220322 08:41:42.636"/>
</kw>
<kw name="Sleep" library="BuiltIn">
<arg>5</arg>
<doc>Pauses the test executed for the given time.</doc>
<msg timestamp="20220322 08:41:47.649" level="INFO">Slept 5 seconds</msg>
<status status="PASS" starttime="20220322 08:41:42.636" endtime="20220322 08:41:47.649"/>
</kw>
<kw name="Maximize Browser Window" library="SeleniumLibrary">
<doc>Maximizes current browser window.</doc>
<status status="PASS" starttime="20220322 08:41:47.649" endtime="20220322 08:41:47.777"/>
</kw>
<status status="PASS" starttime="20220322 08:41:29.692" endtime="20220322 08:41:47.777"/>
</kw>
<kw name="Search_By_keywords" library="searchJobkeywords">
<arg>${jobname}</arg>
<kw name="Input Text" library="SeleniumLibrary">
<arg>${searchTxtBox}</arg>
<arg>${jobname}</arg>
<doc>Types the given ``text`` into the text field identified by ``locator``.</doc>
<msg timestamp="20220322 08:41:47.778" level="INFO">Typing text 'QA Engineer' into text field 'xpath://*[@id="txtKeyword"]'.</msg>
<status status="PASS" starttime="20220322 08:41:47.778" endtime="20220322 08:41:47.968"/>
</kw>
<kw name="Sleep" library="BuiltIn">
<arg>2</arg>
<doc>Pauses the test executed for the given time.</doc>
<msg timestamp="20220322 08:41:49.972" level="INFO">Slept 2 seconds</msg>
<status status="PASS" starttime="20220322 08:41:47.968" endtime="20220322 08:41:49.972"/>
</kw>
<status status="PASS" starttime="20220322 08:41:47.777" endtime="20220322 08:41:49.972"/>
</kw>
<kw name="Select_Organization_Type_For_INTERNATIONAL_AGENCIES" library="searchJobkeywords">
<kw name="Select From List By Index" library="SeleniumLibrary">
<arg>${organizationType}</arg>
<arg>5</arg>
<doc>Selects options from selection list ``locator`` by ``indexes``.</doc>
<msg timestamp="20220322 08:41:49.974" level="INFO">Selecting options from selection list 'xpath://*[@id="qOT"]' by index 5.</msg>
<status status="PASS" starttime="20220322 08:41:49.974" endtime="20220322 08:41:50.098"/>
</kw>
<status status="PASS" starttime="20220322 08:41:49.974" endtime="20220322 08:41:50.098"/>
</kw>
<kw name="Submit" library="searchJobkeywords">
<kw name="Click Element" library="SeleniumLibrary">
<arg>${searchSubmitButton}</arg>
<doc>Click the element identified by ``locator``.</doc>
<msg timestamp="20220322 08:41:50.099" level="INFO">Clicking element 'xpath://*[@id="main"]/div/div[1]/div/div[1]/form/input[2]'.</msg>
<status status="PASS" starttime="20220322 08:41:50.099" endtime="20220322 08:41:50.203"/>
</kw>
<status status="PASS" starttime="20220322 08:41:50.098" endtime="20220322 08:41:50.203"/>
</kw>
<kw name="Sleep" library="BuiltIn">
<arg>5</arg>
<doc>Pauses the test executed for the given time.</doc>
<msg timestamp="20220322 08:41:55.212" level="INFO">Slept 5 seconds</msg>
<status status="PASS" starttime="20220322 08:41:50.203" endtime="20220322 08:41:55.213"/>
</kw>
<kw name="Close my browser" library="loginKeywords">
<kw name="Close All Browsers" library="SeleniumLibrary">
<doc>Closes all open browsers and resets the browser cache.</doc>
<status status="PASS" starttime="20220322 08:41:55.214" endtime="20220322 08:41:57.389"/>
</kw>
<status status="PASS" starttime="20220322 08:41:55.214" endtime="20220322 08:41:57.389"/>
</kw>
<status status="PASS" starttime="20220322 08:41:29.692" endtime="20220322 08:41:57.389"/>
</test>
<status status="PASS" starttime="20220322 08:41:29.692" endtime="20220322 08:41:57.389"/>
</suite>
<suite id="s1-s8" name="test KhulnaJobs" source="F:\RMQUPS\Robot-Framework-practise-master\TestCases\test_KhulnaJobs.robot">
<test id="s1-s8-t1" name="MyBDJobs_Test">
<kw name="Open my browser" library="loginKeywords">
<arg>${url}</arg>
<arg>${browser}</arg>
<kw name="Open Browser" library="SeleniumLibrary">
<arg>${Siteurl}</arg>
<arg>${Browser}</arg>
<doc>Opens a new browser instance to the optional ``url``.</doc>
<msg timestamp="20220322 08:41:57.389" level="INFO">Opening browser 'chrome' to base url 'https://www.bdjobs.com/'.</msg>
<status status="PASS" starttime="20220322 08:41:57.389" endtime="20220322 08:42:03.870"/>
</kw>
<kw name="Sleep" library="BuiltIn">
<arg>5</arg>
<doc>Pauses the test executed for the given time.</doc>
<msg timestamp="20220322 08:42:08.878" level="INFO">Slept 5 seconds</msg>
<status status="PASS" starttime="20220322 08:42:03.870" endtime="20220322 08:42:08.878"/>
</kw>
<kw name="Maximize Browser Window" library="SeleniumLibrary">
<doc>Maximizes current browser window.</doc>
<status status="PASS" starttime="20220322 08:42:08.878" endtime="20220322 08:42:09.008"/>
</kw>
<status status="PASS" starttime="20220322 08:41:57.389" endtime="20220322 08:42:09.009"/>
</kw>
<kw name="Show_Khulna_Jobs" library="divisionalJobsKeywords">
<kw name="Click Link" library="SeleniumLibrary">
<arg>${khulnajobs}</arg>
<doc>Clicks a link identified by ``locator``.</doc>
<msg timestamp="20220322 08:42:09.010" level="INFO">Clicking link 'xpath://*[@id="main"]/div/div[2]/div/div[1]/div/a[3]'.</msg>
<status status="PASS" starttime="20220322 08:42:09.010" endtime="20220322 08:42:09.173"/>
</kw>
<status status="PASS" starttime="20220322 08:42:09.009" endtime="20220322 08:42:09.173"/>
</kw>
<kw name="Sleep" library="BuiltIn">
<arg>5</arg>
<doc>Pauses the test executed for the given time.</doc>
<msg timestamp="20220322 08:42:14.175" level="INFO">Slept 5 seconds</msg>
<status status="PASS" starttime="20220322 08:42:09.173" endtime="20220322 08:42:14.175"/>
</kw>
<kw name="Close my browser" library="loginKeywords">
<kw name="Close All Browsers" library="SeleniumLibrary">
<doc>Closes all open browsers and resets the browser cache.</doc>
<status status="PASS" starttime="20220322 08:42:14.175" endtime="20220322 08:42:16.362"/>
</kw>
<status status="PASS" starttime="20220322 08:42:14.175" endtime="20220322 08:42:16.362"/>
</kw>
<status status="PASS" starttime="20220322 08:41:57.389" endtime="20220322 08:42:16.362"/>
</test>
<status status="PASS" starttime="20220322 08:41:57.389" endtime="20220322 08:42:16.362"/>
</suite>
<suite id="s1-s9" name="test LiveJobs" source="F:\RMQUPS\Robot-Framework-practise-master\TestCases\test_LiveJobs.robot">
<test id="s1-s9-t1" name="MyBDJobs_Test">
<kw name="Open my browser" library="loginKeywords">
<arg>${url}</arg>
<arg>${browser}</arg>
<kw name="Open Browser" library="SeleniumLibrary">
<arg>${Siteurl}</arg>
<arg>${Browser}</arg>
<doc>Opens a new browser instance to the optional ``url``.</doc>
<msg timestamp="20220322 08:42:16.362" level="INFO">Opening browser 'chrome' to base url 'https://www.bdjobs.com/'.</msg>
<status status="PASS" starttime="20220322 08:42:16.362" endtime="20220322 08:42:22.802"/>
</kw>
<kw name="Sleep" library="BuiltIn">
<arg>5</arg>
<doc>Pauses the test executed for the given time.</doc>
<msg timestamp="20220322 08:42:27.817" level="INFO">Slept 5 seconds</msg>
<status status="PASS" starttime="20220322 08:42:22.802" endtime="20220322 08:42:27.817"/>
</kw>
<kw name="Maximize Browser Window" library="SeleniumLibrary">
<doc>Maximizes current browser window.</doc>
<status status="PASS" starttime="20220322 08:42:27.817" endtime="20220322 08:42:27.958"/>
</kw>
<status status="PASS" starttime="20220322 08:42:16.362" endtime="20220322 08:42:27.958"/>
</kw>
<kw name="Show_Live_Jobs" library="underJobSearchKeywords">
<kw name="Click Element" library="SeleniumLibrary">
<arg>${liveJobsButton}</arg>
<doc>Click the element identified by ``locator``.</doc>
<msg timestamp="20220322 08:42:27.959" level="INFO">Clicking element 'xpath://*[@id="main"]/div/div[1]/div/div[2]/a[1]/div/div'.</msg>
<status status="PASS" starttime="20220322 08:42:27.959" endtime="20220322 08:42:28.107"/>
</kw>
<status status="PASS" starttime="20220322 08:42:27.958" endtime="20220322 08:42:28.107"/>
</kw>
<kw name="Sleep" library="BuiltIn">
<arg>5</arg>
<doc>Pauses the test executed for the given time.</doc>
<msg timestamp="20220322 08:42:33.109" level="INFO">Slept 5 seconds</msg>
<status status="PASS" starttime="20220322 08:42:28.108" endtime="20220322 08:42:33.109"/>
</kw>
<kw name="Close my browser" library="loginKeywords">
<kw name="Close All Browsers" library="SeleniumLibrary">
<doc>Closes all open browsers and resets the browser cache.</doc>
<status status="PASS" starttime="20220322 08:42:33.111" endtime="20220322 08:42:35.307"/>
</kw>
<status status="PASS" starttime="20220322 08:42:33.110" endtime="20220322 08:42:35.307"/>
</kw>
<status status="PASS" starttime="20220322 08:42:16.362" endtime="20220322 08:42:35.307"/>
</test>
<status status="PASS" starttime="20220322 08:42:16.362" endtime="20220322 08:42:35.307"/>
</suite>
<suite id="s1-s10" name="test Login" source="F:\RMQUPS\Robot-Framework-practise-master\TestCases\test_Login.robot">
<test id="s1-s10-t1" name="Login Test">
<kw name="Open my browser" library="loginKeywords">
<arg>${url}</arg>
<arg>${browser}</arg>
<kw name="Open Browser" library="SeleniumLibrary">
<arg>${Siteurl}</arg>
<arg>${Browser}</arg>
<doc>Opens a new browser instance to the optional ``url``.</doc>
<msg timestamp="20220322 08:42:35.307" level="INFO">Opening browser 'chrome' to base url 'https://www.bdjobs.com/'.</msg>
<status status="PASS" starttime="20220322 08:42:35.307" endtime="20220322 08:42:41.851"/>
</kw>
<kw name="Sleep" library="BuiltIn">
<arg>5</arg>
<doc>Pauses the test executed for the given time.</doc>
<msg timestamp="20220322 08:42:46.853" level="INFO">Slept 5 seconds</msg>
<status status="PASS" starttime="20220322 08:42:41.852" endtime="20220322 08:42:46.853"/>
</kw>
<kw name="Maximize Browser Window" library="SeleniumLibrary">
<doc>Maximizes current browser window.</doc>
<status status="PASS" starttime="20220322 08:42:46.853" endtime="20220322 08:42:46.994"/>
</kw>
<status status="PASS" starttime="20220322 08:42:35.307" endtime="20220322 08:42:46.994"/>
</kw>
<kw name="Login" library="loginKeywords">
<arg>${email}</arg>
<arg>${password}</arg>
<kw name="Sleep" library="BuiltIn">
<arg>2</arg>
<doc>Pauses the test executed for the given time.</doc>
<msg timestamp="20220322 08:42:48.999" level="INFO">Slept 2 seconds</msg>
<status status="PASS" starttime="20220322 08:42:46.996" endtime="20220322 08:42:48.999"/>
</kw>
<kw name="Click Link" library="SeleniumLibrary">
<arg>${signIn_locator}</arg>
<doc>Clicks a link identified by ``locator``.</doc>
<msg timestamp="20220322 08:42:49.002" level="INFO">Clicking link 'xpath://*[@id="bs-example-navbar-collapse-1"]/ul/li[3]/a'.</msg>
<status status="PASS" starttime="20220322 08:42:48.999" endtime="20220322 08:42:49.068"/>
</kw>
<kw name="Sleep" library="BuiltIn">
<arg>2</arg>
<doc>Pauses the test executed for the given time.</doc>
<msg timestamp="20220322 08:42:51.081" level="INFO">Slept 2 seconds</msg>
<status status="PASS" starttime="20220322 08:42:49.068" endtime="20220322 08:42:51.081"/>
</kw>
<kw name="Click Element" library="SeleniumLibrary">
<arg>${signIn_locator2}</arg>
<doc>Click the element identified by ``locator``.</doc>
<msg timestamp="20220322 08:42:51.082" level="INFO">Clicking element 'xpath://*[@id="bs-example-navbar-collapse-1"]/ul/li[3]/ul/li/div[1]/div[2]/div[3]/a[1]'.</msg>
<status status="PASS" starttime="20220322 08:42:51.082" endtime="20220322 08:42:53.861"/>
</kw>
<kw name="Sleep" library="BuiltIn">
<arg>2</arg>
<doc>Pauses the test executed for the given time.</doc>
<msg timestamp="20220322 08:42:55.862" level="INFO">Slept 2 seconds</msg>
<status status="PASS" starttime="20220322 08:42:53.861" endtime="20220322 08:42:55.862"/>
</kw>
<kw name="Input Text" library="SeleniumLibrary">
<arg>${enter_username_textbox_locator}</arg>
<arg>${username}</arg>
<doc>Types the given ``text`` into the text field identified by ``locator``.</doc>
<msg timestamp="20220322 08:42:55.862" level="INFO">Typing text 'rm.qups@gmail.com' into text field 'id:TXTUSERNAME'.</msg>
<status status="PASS" starttime="20220322 08:42:55.862" endtime="20220322 08:42:55.965"/>
</kw>
<kw name="Sleep" library="BuiltIn">
<arg>2</arg>
<doc>Pauses the test executed for the given time.</doc>
<msg timestamp="20220322 08:42:57.974" level="INFO">Slept 2 seconds</msg>
<status status="PASS" starttime="20220322 08:42:55.966" endtime="20220322 08:42:57.974"/>
</kw>
<kw name="Click Element" library="SeleniumLibrary">
<arg>${next_button_locator}</arg>
<doc>Click the element identified by ``locator``.</doc>
<msg timestamp="20220322 08:42:57.974" level="INFO">Clicking element 'xpath://*[@id="form1"]/div[2]/div/div[2]/div/div[2]/input'.</msg>
<status status="PASS" starttime="20220322 08:42:57.974" endtime="20220322 08:42:59.534"/>
</kw>
<kw name="Sleep" library="BuiltIn">
<arg>2</arg>
<doc>Pauses the test executed for the given time.</doc>
<msg timestamp="20220322 08:43:01.536" level="INFO">Slept 2 seconds</msg>
<status status="PASS" starttime="20220322 08:42:59.534" endtime="20220322 08:43:01.536"/>
</kw>
<kw name="Input Text" library="SeleniumLibrary">
<arg>${enter_password_button}</arg>
<arg>${password}</arg>
<doc>Types the given ``text`` into the text field identified by ``locator``.</doc>
<msg timestamp="20220322 08:43:01.536" level="INFO">Typing text 'rm123456789' into text field 'id:TXTPASS'.</msg>
<status status="PASS" starttime="20220322 08:43:01.536" endtime="20220322 08:43:01.617"/>
</kw>
<kw name="Sleep" library="BuiltIn">
<arg>2</arg>
<doc>Pauses the test executed for the given time.</doc>
<msg timestamp="20220322 08:43:03.626" level="INFO">Slept 2 seconds</msg>
<status status="PASS" starttime="20220322 08:43:01.618" endtime="20220322 08:43:03.626"/>
</kw>
<kw name="Click Element" library="SeleniumLibrary">
<arg>${submit_button_locator}</arg>
<doc>Click the element identified by ``locator``.</doc>
<msg timestamp="20220322 08:43:03.626" level="INFO">Clicking element 'xpath://*[@id="form1"]/div[2]/div/div[2]/div/div[2]/input'.</msg>
<status status="PASS" starttime="20220322 08:43:03.626" endtime="20220322 08:43:03.676"/>
</kw>
<kw name="Sleep" library="BuiltIn">
<arg>5</arg>
<doc>Pauses the test executed for the given time.</doc>
<msg timestamp="20220322 08:43:08.680" level="INFO">Slept 5 seconds</msg>
<status status="PASS" starttime="20220322 08:43:03.676" endtime="20220322 08:43:08.680"/>
</kw>
<status status="PASS" starttime="20220322 08:42:46.995" endtime="20220322 08:43:08.680"/>
</kw>
<kw name="Verify Succesfull login" library="loginKeywords">
<kw name="Title Should Be" library="SeleniumLibrary">
<arg>Largest Job Site in Bangladesh, Search Jobs | Bdjobs.com</arg>
<doc>Verifies that the current page title equals ``title``.</doc>
<msg timestamp="20220322 08:43:08.792" level="INFO">Page title is 'Largest Job Site in Bangladesh, Search Jobs | Bdjobs.com'.</msg>
<status status="PASS" starttime="20220322 08:43:08.681" endtime="20220322 08:43:08.792"/>
</kw>
<status status="PASS" starttime="20220322 08:43:08.681" endtime="20220322 08:43:08.792"/>
</kw>
<kw name="Close my browser" library="loginKeywords">
<kw name="Close All Browsers" library="SeleniumLibrary">
<doc>Closes all open browsers and resets the browser cache.</doc>
<status status="PASS" starttime="20220322 08:43:08.792" endtime="20220322 08:43:10.961"/>
</kw>
<status status="PASS" starttime="20220322 08:43:08.792" endtime="20220322 08:43:10.961"/>
</kw>
<status status="PASS" starttime="20220322 08:42:35.307" endtime="20220322 08:43:10.961"/>
</test>
<status status="PASS" starttime="20220322 08:42:35.307" endtime="20220322 08:43:10.961"/>
</suite>
<suite id="s1-s11" name="test Mybdjobs" source="F:\RMQUPS\Robot-Framework-practise-master\TestCases\test_Mybdjobs.robot">
<test id="s1-s11-t1" name="MyBDJobs_Test">
<kw name="Open my browser" library="loginKeywords">
<arg>${url}</arg>
<arg>${browser}</arg>
<kw name="Open Browser" library="SeleniumLibrary">
<arg>${Siteurl}</arg>
<arg>${Browser}</arg>
<doc>Opens a new browser instance to the optional ``url``.</doc>
<msg timestamp="20220322 08:43:10.961" level="INFO">Opening browser 'chrome' to base url 'https://www.bdjobs.com/'.</msg>
<status status="PASS" starttime="20220322 08:43:10.961" endtime="20220322 08:43:17.407"/>
</kw>
<kw name="Sleep" library="BuiltIn">
<arg>5</arg>
<doc>Pauses the test executed for the given time.</doc>
<msg timestamp="20220322 08:43:22.415" level="INFO">Slept 5 seconds</msg>
<status status="PASS" starttime="20220322 08:43:17.407" endtime="20220322 08:43:22.415"/>
</kw>
<kw name="Maximize Browser Window" library="SeleniumLibrary">
<doc>Maximizes current browser window.</doc>
<status status="PASS" starttime="20220322 08:43:22.415" endtime="20220322 08:43:22.559"/>
</kw>
<status status="PASS" starttime="20220322 08:43:10.961" endtime="20220322 08:43:22.559"/>
</kw>
<kw name="Login" library="loginKeywords">
<arg>${email}</arg>
<arg>${password}</arg>
<kw name="Sleep" library="BuiltIn">
<arg>2</arg>
<doc>Pauses the test executed for the given time.</doc>
<msg timestamp="20220322 08:43:24.567" level="INFO">Slept 2 seconds</msg>
<status status="PASS" starttime="20220322 08:43:22.560" endtime="20220322 08:43:24.567"/>
</kw>
<kw name="Click Link" library="SeleniumLibrary">
<arg>${signIn_locator}</arg>
<doc>Clicks a link identified by ``locator``.</doc>
<msg timestamp="20220322 08:43:24.568" level="INFO">Clicking link 'xpath://*[@id="bs-example-navbar-collapse-1"]/ul/li[3]/a'.</msg>
<status status="PASS" starttime="20220322 08:43:24.568" endtime="20220322 08:43:24.633"/>
</kw>
<kw name="Sleep" library="BuiltIn">
<arg>2</arg>
<doc>Pauses the test executed for the given time.</doc>
<msg timestamp="20220322 08:43:26.645" level="INFO">Slept 2 seconds</msg>
<status status="PASS" starttime="20220322 08:43:24.633" endtime="20220322 08:43:26.645"/>
</kw>
<kw name="Click Element" library="SeleniumLibrary">
<arg>${signIn_locator2}</arg>
<doc>Click the element identified by ``locator``.</doc>
<msg timestamp="20220322 08:43:26.646" level="INFO">Clicking element 'xpath://*[@id="bs-example-navbar-collapse-1"]/ul/li[3]/ul/li/div[1]/div[2]/div[3]/a[1]'.</msg>
<status status="PASS" starttime="20220322 08:43:26.645" endtime="20220322 08:43:29.074"/>
</kw>
<kw name="Sleep" library="BuiltIn">
<arg>2</arg>
<doc>Pauses the test executed for the given time.</doc>
<msg timestamp="20220322 08:43:31.084" level="INFO">Slept 2 seconds</msg>
<status status="PASS" starttime="20220322 08:43:29.074" endtime="20220322 08:43:31.084"/>
</kw>
<kw name="Input Text" library="SeleniumLibrary">
<arg>${enter_username_textbox_locator}</arg>
<arg>${username}</arg>
<doc>Types the given ``text`` into the text field identified by ``locator``.</doc>
<msg timestamp="20220322 08:43:31.084" level="INFO">Typing text 'rm.qups@gmail.com' into text field 'id:TXTUSERNAME'.</msg>
<status status="PASS" starttime="20220322 08:43:31.084" endtime="20220322 08:43:31.186"/>
</kw>
<kw name="Sleep" library="BuiltIn">
<arg>2</arg>
<doc>Pauses the test executed for the given time.</doc>
<msg timestamp="20220322 08:43:33.195" level="INFO">Slept 2 seconds</msg>
<status status="PASS" starttime="20220322 08:43:31.187" endtime="20220322 08:43:33.195"/>
</kw>
<kw name="Click Element" library="SeleniumLibrary">
<arg>${next_button_locator}</arg>
<doc>Click the element identified by ``locator``.</doc>
<msg timestamp="20220322 08:43:33.195" level="INFO">Clicking element 'xpath://*[@id="form1"]/div[2]/div/div[2]/div/div[2]/input'.</msg>
<status status="PASS" starttime="20220322 08:43:33.195" endtime="20220322 08:43:35.069"/>
</kw>
<kw name="Sleep" library="BuiltIn">
<arg>2</arg>
<doc>Pauses the test executed for the given time.</doc>
<msg timestamp="20220322 08:43:37.086" level="INFO">Slept 2 seconds</msg>
<status status="PASS" starttime="20220322 08:43:35.070" endtime="20220322 08:43:37.086"/>
</kw>
<kw name="Input Text" library="SeleniumLibrary">
<arg>${enter_password_button}</arg>
<arg>${password}</arg>
<doc>Types the given ``text`` into the text field identified by ``locator``.</doc>
<msg timestamp="20220322 08:43:37.086" level="INFO">Typing text 'rm123456789' into text field 'id:TXTPASS'.</msg>
<status status="PASS" starttime="20220322 08:43:37.086" endtime="20220322 08:43:37.173"/>
</kw>
<kw name="Sleep" library="BuiltIn">
<arg>2</arg>
<doc>Pauses the test executed for the given time.</doc>
<msg timestamp="20220322 08:43:39.178" level="INFO">Slept 2 seconds</msg>
<status status="PASS" starttime="20220322 08:43:37.174" endtime="20220322 08:43:39.178"/>
</kw>
<kw name="Click Element" library="SeleniumLibrary">
<arg>${submit_button_locator}</arg>
<doc>Click the element identified by ``locator``.</doc>
<msg timestamp="20220322 08:43:39.178" level="INFO">Clicking element 'xpath://*[@id="form1"]/div[2]/div/div[2]/div/div[2]/input'.</msg>
<status status="PASS" starttime="20220322 08:43:39.178" endtime="20220322 08:43:39.235"/>
</kw>
<kw name="Sleep" library="BuiltIn">
<arg>5</arg>
<doc>Pauses the test executed for the given time.</doc>
<msg timestamp="20220322 08:43:44.247" level="INFO">Slept 5 seconds</msg>
<status status="PASS" starttime="20220322 08:43:39.235" endtime="20220322 08:43:44.247"/>
</kw>
<status status="PASS" starttime="20220322 08:43:22.559" endtime="20220322 08:43:44.247"/>
</kw>
<kw name="Open_BDJOBS" library="navbarKeywords">
<kw name="Click Link" library="SeleniumLibrary">
<arg>${bdjobsButton}</arg>
<doc>Clicks a link identified by ``locator``.</doc>
<msg timestamp="20220322 08:43:44.248" level="INFO">Clicking link 'xpath://*[@id="lin_header_top02"]/div/div/div/div/ul/li[2]/a'.</msg>
<status status="PASS" starttime="20220322 08:43:44.248" endtime="20220322 08:43:44.439"/>
</kw>
<kw name="Sleep" library="BuiltIn">
<arg>2</arg>
<doc>Pauses the test executed for the given time.</doc>
<msg timestamp="20220322 08:43:46.452" level="INFO">Slept 2 seconds</msg>
<status status="PASS" starttime="20220322 08:43:44.439" endtime="20220322 08:43:46.453"/>
</kw>
<status status="PASS" starttime="20220322 08:43:44.248" endtime="20220322 08:43:46.454"/>
</kw>
<kw name="BDJobs Assertion" library="navbarKeywords">
<kw name="Element Should Be Enabled" library="SeleniumLibrary">
<arg>${bdjobsButton}</arg>
<doc>Verifies that element identified by ``locator`` is enabled.</doc>
<status status="PASS" starttime="20220322 08:43:46.461" endtime="20220322 08:43:46.604"/>
</kw>
<status status="PASS" starttime="20220322 08:43:46.460" endtime="20220322 08:43:46.604"/>
</kw>
<kw name="Close my browser" library="loginKeywords">
<kw name="Close All Browsers" library="SeleniumLibrary">
<doc>Closes all open browsers and resets the browser cache.</doc>
<status status="PASS" starttime="20220322 08:43:46.605" endtime="20220322 08:43:48.789"/>
</kw>
<status status="PASS" starttime="20220322 08:43:46.605" endtime="20220322 08:43:48.789"/>
</kw>
<status status="PASS" starttime="20220322 08:43:10.961" endtime="20220322 08:43:48.789"/>
</test>
<status status="PASS" starttime="20220322 08:43:10.961" endtime="20220322 08:43:48.789"/>
</suite>
<suite id="s1-s12" name="test NewJobs" source="F:\RMQUPS\Robot-Framework-practise-master\TestCases\test_NewJobs.robot">
<test id="s1-s12-t1" name="MyBDJobs_Test">
<kw name="Open my browser" library="loginKeywords">
<arg>${url}</arg>
<arg>${browser}</arg>
<kw name="Open Browser" library="SeleniumLibrary">
<arg>${Siteurl}</arg>
<arg>${Browser}</arg>
<doc>Opens a new browser instance to the optional ``url``.</doc>
<msg timestamp="20220322 08:43:48.789" level="INFO">Opening browser 'chrome' to base url 'https://www.bdjobs.com/'.</msg>
<status status="PASS" starttime="20220322 08:43:48.789" endtime="20220322 08:43:55.285"/>
</kw>
<kw name="Sleep" library="BuiltIn">
<arg>5</arg>
<doc>Pauses the test executed for the given time.</doc>
<msg timestamp="20220322 08:44:00.287" level="INFO">Slept 5 seconds</msg>
<status status="PASS" starttime="20220322 08:43:55.286" endtime="20220322 08:44:00.287"/>
</kw>
<kw name="Maximize Browser Window" library="SeleniumLibrary">
<doc>Maximizes current browser window.</doc>
<status status="PASS" starttime="20220322 08:44:00.287" endtime="20220322 08:44:00.427"/>
</kw>
<status status="PASS" starttime="20220322 08:43:48.789" endtime="20220322 08:44:00.428"/>
</kw>
<kw name="Show_New_Jobs" library="underJobSearchKeywords">
<kw name="Click Element" library="SeleniumLibrary">
<arg>${newjobsButton}</arg>
<doc>Click the element identified by ``locator``.</doc>
<msg timestamp="20220322 08:44:00.430" level="INFO">Clicking element 'xpath://*[@id="main"]/div/div[1]/div/div[2]/a[4]/div/div'.</msg>
<status status="PASS" starttime="20220322 08:44:00.430" endtime="20220322 08:44:00.591"/>
</kw>
<status status="PASS" starttime="20220322 08:44:00.429" endtime="20220322 08:44:00.592"/>
</kw>
<kw name="Sleep" library="BuiltIn">
<arg>5</arg>
<doc>Pauses the test executed for the given time.</doc>
<msg timestamp="20220322 08:44:05.597" level="INFO">Slept 5 seconds</msg>
<status status="PASS" starttime="20220322 08:44:00.592" endtime="20220322 08:44:05.597"/>
</kw>
<kw name="Close my browser" library="loginKeywords">
<kw name="Close All Browsers" library="SeleniumLibrary">
<doc>Closes all open browsers and resets the browser cache.</doc>
<status status="PASS" starttime="20220322 08:44:05.599" endtime="20220322 08:44:07.747"/>
</kw>
<status status="PASS" starttime="20220322 08:44:05.599" endtime="20220322 08:44:07.747"/>
</kw>
<status status="PASS" starttime="20220322 08:43:48.789" endtime="20220322 08:44:07.747"/>
</test>
<status status="PASS" starttime="20220322 08:43:48.789" endtime="20220322 08:44:07.747"/>
</suite>
<suite id="s1-s13" name="test NGOJobs" source="F:\RMQUPS\Robot-Framework-practise-master\TestCases\test_NGOJobs.robot">
<test id="s1-s13-t1" name="MyBDJobs_Test">
<kw name="Open my browser" library="loginKeywords">
<arg>${url}</arg>
<arg>${browser}</arg>
<kw name="Open Browser" library="SeleniumLibrary">
<arg>${Siteurl}</arg>
<arg>${Browser}</arg>
<doc>Opens a new browser instance to the optional ``url``.</doc>
<msg timestamp="20220322 08:44:07.747" level="INFO">Opening browser 'chrome' to base url 'https://www.bdjobs.com/'.</msg>
<status status="PASS" starttime="20220322 08:44:07.747" endtime="20220322 08:44:14.810"/>
</kw>
<kw name="Sleep" library="BuiltIn">
<arg>5</arg>
<doc>Pauses the test executed for the given time.</doc>
<msg timestamp="20220322 08:44:19.819" level="INFO">Slept 5 seconds</msg>
<status status="PASS" starttime="20220322 08:44:14.810" endtime="20220322 08:44:19.819"/>
</kw>
<kw name="Maximize Browser Window" library="SeleniumLibrary">
<doc>Maximizes current browser window.</doc>
<status status="PASS" starttime="20220322 08:44:19.819" endtime="20220322 08:44:19.967"/>
</kw>
<status status="PASS" starttime="20220322 08:44:07.747" endtime="20220322 08:44:19.967"/>
</kw>
<kw name="Search_By_keywords" library="searchJobkeywords">
<arg>${jobname}</arg>
<kw name="Input Text" library="SeleniumLibrary">
<arg>${searchTxtBox}</arg>
<arg>${jobname}</arg>
<doc>Types the given ``text`` into the text field identified by ``locator``.</doc>
<msg timestamp="20220322 08:44:19.969" level="INFO">Typing text 'QA Engineer' into text field 'xpath://*[@id="txtKeyword"]'.</msg>
<status status="PASS" starttime="20220322 08:44:19.968" endtime="20220322 08:44:20.132"/>
</kw>
<kw name="Sleep" library="BuiltIn">
<arg>2</arg>
<doc>Pauses the test executed for the given time.</doc>
<msg timestamp="20220322 08:44:22.142" level="INFO">Slept 2 seconds</msg>
<status status="PASS" starttime="20220322 08:44:20.132" endtime="20220322 08:44:22.142"/>
</kw>
<status status="PASS" starttime="20220322 08:44:19.968" endtime="20220322 08:44:22.142"/>
</kw>
<kw name="Select_Organization_Type_For_NGO" library="searchJobkeywords">
<kw name="Select From List By Index" library="SeleniumLibrary">
<arg>${organizationType}</arg>
<arg>3</arg>
<doc>Selects options from selection list ``locator`` by ``indexes``.</doc>
<msg timestamp="20220322 08:44:22.143" level="INFO">Selecting options from selection list 'xpath://*[@id="qOT"]' by index 3.</msg>
<status status="PASS" starttime="20220322 08:44:22.143" endtime="20220322 08:44:22.258"/>
</kw>
<status status="PASS" starttime="20220322 08:44:22.143" endtime="20220322 08:44:22.258"/>
</kw>
<kw name="Submit" library="searchJobkeywords">
<kw name="Click Element" library="SeleniumLibrary">
<arg>${searchSubmitButton}</arg>
<doc>Click the element identified by ``locator``.</doc>
<msg timestamp="20220322 08:44:22.259" level="INFO">Clicking element 'xpath://*[@id="main"]/div/div[1]/div/div[1]/form/input[2]'.</msg>
<status status="PASS" starttime="20220322 08:44:22.258" endtime="20220322 08:44:22.353"/>
</kw>
<status status="PASS" starttime="20220322 08:44:22.258" endtime="20220322 08:44:22.353"/>
</kw>
<kw name="Sleep" library="BuiltIn">
<arg>5</arg>
<doc>Pauses the test executed for the given time.</doc>
<msg timestamp="20220322 08:44:27.370" level="INFO">Slept 5 seconds</msg>
<status status="PASS" starttime="20220322 08:44:22.354" endtime="20220322 08:44:27.370"/>
</kw>
<kw name="Close my browser" library="loginKeywords">
<kw name="Close All Browsers" library="SeleniumLibrary">
<doc>Closes all open browsers and resets the browser cache.</doc>
<status status="PASS" starttime="20220322 08:44:27.371" endtime="20220322 08:44:29.553"/>
</kw>
<status status="PASS" starttime="20220322 08:44:27.370" endtime="20220322 08:44:29.553"/>
</kw>
<status status="PASS" starttime="20220322 08:44:07.747" endtime="20220322 08:44:29.553"/>
</test>
<status status="PASS" starttime="20220322 08:44:07.747" endtime="20220322 08:44:29.553"/>
</suite>
<suite id="s1-s14" name="test Others" source="F:\RMQUPS\Robot-Framework-practise-master\TestCases\test_Others.robot">
<test id="s1-s14-t1" name="MyBDJobs_Test">
<kw name="Open my browser" library="loginKeywords">
<arg>${url}</arg>
<arg>${browser}</arg>
<kw name="Open Browser" library="SeleniumLibrary">
<arg>${Siteurl}</arg>
<arg>${Browser}</arg>
<doc>Opens a new browser instance to the optional ``url``.</doc>
<msg timestamp="20220322 08:44:29.553" level="INFO">Opening browser 'chrome' to base url 'https://www.bdjobs.com/'.</msg>
<status status="PASS" starttime="20220322 08:44:29.553" endtime="20220322 08:44:35.964"/>
</kw>
<kw name="Sleep" library="BuiltIn">
<arg>5</arg>
<doc>Pauses the test executed for the given time.</doc>
<msg timestamp="20220322 08:44:40.973" level="INFO">Slept 5 seconds</msg>
<status status="PASS" starttime="20220322 08:44:35.964" endtime="20220322 08:44:40.973"/>
</kw>
<kw name="Maximize Browser Window" library="SeleniumLibrary">
<doc>Maximizes current browser window.</doc>
<status status="PASS" starttime="20220322 08:44:40.973" endtime="20220322 08:44:41.108"/>
</kw>
<status status="PASS" starttime="20220322 08:44:29.553" endtime="20220322 08:44:41.108"/>
</kw>
<kw name="Search_By_keywords" library="searchJobkeywords">
<arg>${jobname}</arg>
<kw name="Input Text" library="SeleniumLibrary">
<arg>${searchTxtBox}</arg>
<arg>${jobname}</arg>
<doc>Types the given ``text`` into the text field identified by ``locator``.</doc>
<msg timestamp="20220322 08:44:41.114" level="INFO">Typing text 'QA Engineer' into text field 'xpath://*[@id="txtKeyword"]'.</msg>
<status status="PASS" starttime="20220322 08:44:41.112" endtime="20220322 08:44:41.296"/>
</kw>
<kw name="Sleep" library="BuiltIn">
<arg>2</arg>
<doc>Pauses the test executed for the given time.</doc>
<msg timestamp="20220322 08:44:43.309" level="INFO">Slept 2 seconds</msg>
<status status="PASS" starttime="20220322 08:44:41.296" endtime="20220322 08:44:43.309"/>
</kw>
<status status="PASS" starttime="20220322 08:44:41.109" endtime="20220322 08:44:43.309"/>
</kw>
<kw name="Select_Organization_Type_For_OTHERS" library="searchJobkeywords">
<kw name="Select From List By Index" library="SeleniumLibrary">
<arg>${organizationType}</arg>
<arg>6</arg>
<doc>Selects options from selection list ``locator`` by ``indexes``.</doc>
<msg timestamp="20220322 08:44:43.310" level="INFO">Selecting options from selection list 'xpath://*[@id="qOT"]' by index 6.</msg>
<status status="PASS" starttime="20220322 08:44:43.310" endtime="20220322 08:44:43.435"/>
</kw>
<status status="PASS" starttime="20220322 08:44:43.310" endtime="20220322 08:44:43.435"/>
</kw>
<kw name="Submit" library="searchJobkeywords">
<kw name="Click Element" library="SeleniumLibrary">
<arg>${searchSubmitButton}</arg>
<doc>Click the element identified by ``locator``.</doc>
<msg timestamp="20220322 08:44:43.436" level="INFO">Clicking element 'xpath://*[@id="main"]/div/div[1]/div/div[1]/form/input[2]'.</msg>
<status status="PASS" starttime="20220322 08:44:43.436" endtime="20220322 08:44:43.535"/>
</kw>
<status status="PASS" starttime="20220322 08:44:43.435" endtime="20220322 08:44:43.536"/>
</kw>
<kw name="Sleep" library="BuiltIn">
<arg>5</arg>
<doc>Pauses the test executed for the given time.</doc>
<msg timestamp="20220322 08:44:48.544" level="INFO">Slept 5 seconds</msg>
<status status="PASS" starttime="20220322 08:44:43.536" endtime="20220322 08:44:48.544"/>
</kw>
<kw name="Close my browser" library="loginKeywords">
<kw name="Close All Browsers" library="SeleniumLibrary">
<doc>Closes all open browsers and resets the browser cache.</doc>
<status status="PASS" starttime="20220322 08:44:48.545" endtime="20220322 08:44:50.747"/>
</kw>
<status status="PASS" starttime="20220322 08:44:48.545" endtime="20220322 08:44:50.747"/>
</kw>
<status status="PASS" starttime="20220322 08:44:29.553" endtime="20220322 08:44:50.747"/>
</test>
<status status="PASS" starttime="20220322 08:44:29.553" endtime="20220322 08:44:50.747"/>
</suite>
<suite id="s1-s15" name="test PrivateFirm" source="F:\RMQUPS\Robot-Framework-practise-master\TestCases\test_PrivateFirm.robot">
<test id="s1-s15-t1" name="MyBDJobs_Test">
<kw name="Open my browser" library="loginKeywords">
<arg>${url}</arg>
<arg>${browser}</arg>
<kw name="Open Browser" library="SeleniumLibrary">
<arg>${Siteurl}</arg>
<arg>${Browser}</arg>
<doc>Opens a new browser instance to the optional ``url``.</doc>
<msg timestamp="20220322 08:44:50.762" level="INFO">Opening browser 'chrome' to base url 'https://www.bdjobs.com/'.</msg>
<status status="PASS" starttime="20220322 08:44:50.747" endtime="20220322 08:45:03.908"/>
</kw>
<kw name="Sleep" library="BuiltIn">
<arg>5</arg>
<doc>Pauses the test executed for the given time.</doc>
<msg timestamp="20220322 08:45:08.919" level="INFO">Slept 5 seconds</msg>
<status status="PASS" starttime="20220322 08:45:03.908" endtime="20220322 08:45:08.919"/>
</kw>
<kw name="Maximize Browser Window" library="SeleniumLibrary">
<doc>Maximizes current browser window.</doc>
<status status="PASS" starttime="20220322 08:45:08.919" endtime="20220322 08:45:09.063"/>
</kw>
<status status="PASS" starttime="20220322 08:44:50.747" endtime="20220322 08:45:09.063"/>
</kw>
<kw name="Search_By_keywords" library="searchJobkeywords">
<arg>${jobname}</arg>
<kw name="Input Text" library="SeleniumLibrary">
<arg>${searchTxtBox}</arg>
<arg>${jobname}</arg>
<doc>Types the given ``text`` into the text field identified by ``locator``.</doc>
<msg timestamp="20220322 08:45:09.065" level="INFO">Typing text 'QA Engineer' into text field 'xpath://*[@id="txtKeyword"]'.</msg>
<status status="PASS" starttime="20220322 08:45:09.065" endtime="20220322 08:45:09.234"/>
</kw>
<kw name="Sleep" library="BuiltIn">
<arg>2</arg>
<doc>Pauses the test executed for the given time.</doc>
<msg timestamp="20220322 08:45:11.238" level="INFO">Slept 2 seconds</msg>
<status status="PASS" starttime="20220322 08:45:09.234" endtime="20220322 08:45:11.238"/>
</kw>
<status status="PASS" starttime="20220322 08:45:09.064" endtime="20220322 08:45:11.239"/>
</kw>
<kw name="Select_Organization_Type_For_PRIVATE_FIRM" library="searchJobkeywords">
<kw name="Select From List By Index" library="SeleniumLibrary">
<arg>${organizationType}</arg>
<arg>4</arg>
<doc>Selects options from selection list ``locator`` by ``indexes``.</doc>
<msg timestamp="20220322 08:45:11.242" level="INFO">Selecting options from selection list 'xpath://*[@id="qOT"]' by index 4.</msg>
<status status="PASS" starttime="20220322 08:45:11.242" endtime="20220322 08:45:11.365"/>
</kw>
<status status="PASS" starttime="20220322 08:45:11.240" endtime="20220322 08:45:11.366"/>
</kw>
<kw name="Submit" library="searchJobkeywords">
<kw name="Click Element" library="SeleniumLibrary">
<arg>${searchSubmitButton}</arg>
<doc>Click the element identified by ``locator``.</doc>
<msg timestamp="20220322 08:45:11.367" level="INFO">Clicking element 'xpath://*[@id="main"]/div/div[1]/div/div[1]/form/input[2]'.</msg>
<status status="PASS" starttime="20220322 08:45:11.366" endtime="20220322 08:45:11.471"/>
</kw>
<status status="PASS" starttime="20220322 08:45:11.366" endtime="20220322 08:45:11.472"/>
</kw>
<kw name="Sleep" library="BuiltIn">
<arg>5</arg>
<doc>Pauses the test executed for the given time.</doc>
<msg timestamp="20220322 08:45:16.485" level="INFO">Slept 5 seconds</msg>
<status status="PASS" starttime="20220322 08:45:11.472" endtime="20220322 08:45:16.485"/>
</kw>
<kw name="Close my browser" library="loginKeywords">
<kw name="Close All Browsers" library="SeleniumLibrary">
<doc>Closes all open browsers and resets the browser cache.</doc>
<status status="PASS" starttime="20220322 08:45:16.488" endtime="20220322 08:45:18.711"/>
</kw>
<status status="PASS" starttime="20220322 08:45:16.486" endtime="20220322 08:45:18.711"/>
</kw>
<status status="PASS" starttime="20220322 08:44:50.747" endtime="20220322 08:45:18.711"/>
</test>
<status status="PASS" starttime="20220322 08:44:50.747" endtime="20220322 08:45:18.711"/>
</suite>
<suite id="s1-s16" name="test Registration" source="F:\RMQUPS\Robot-Framework-practise-master\TestCases\test_Registration.robot">
<test id="s1-s16-t1" name="Registration Test">
<kw name="Open my browser" library="loginKeywords">
<arg>${url}</arg>
<arg>${browser}</arg>
<kw name="Open Browser" library="SeleniumLibrary">
<arg>${Siteurl}</arg>
<arg>${Browser}</arg>
<doc>Opens a new browser instance to the optional ``url``.</doc>
<msg timestamp="20220322 08:45:18.757" level="INFO">Opening browser 'chrome' to base url 'https://www.bdjobs.com/'.</msg>
<status status="PASS" starttime="20220322 08:45:18.757" endtime="20220322 08:45:31.766"/>
</kw>
<kw name="Sleep" library="BuiltIn">
<arg>5</arg>
<doc>Pauses the test executed for the given time.</doc>
<msg timestamp="20220322 08:45:36.774" level="INFO">Slept 5 seconds</msg>
<status status="PASS" starttime="20220322 08:45:31.766" endtime="20220322 08:45:36.774"/>
</kw>
<kw name="Maximize Browser Window" library="SeleniumLibrary">
<doc>Maximizes current browser window.</doc>
<status status="PASS" starttime="20220322 08:45:36.774" endtime="20220322 08:45:36.910"/>
</kw>
<status status="PASS" starttime="20220322 08:45:18.757" endtime="20220322 08:45:36.910"/>
</kw>
<kw name="Sleep" library="BuiltIn">
<arg>5</arg>
<doc>Pauses the test executed for the given time.</doc>
<msg timestamp="20220322 08:45:41.920" level="INFO">Slept 5 seconds</msg>
<status status="PASS" starttime="20220322 08:45:36.910" endtime="20220322 08:45:41.920"/>
</kw>
<kw name="Registration" library="registrationKeywords">
<arg>${username}</arg>
<arg>${email}</arg>
<arg>${phone}</arg>
<arg>${password}</arg>
<kw name="Click Link" library="SeleniumLibrary">
<arg>${signIn_locator}</arg>
<doc>Clicks a link identified by ``locator``.</doc>
<msg timestamp="20220322 08:45:41.921" level="INFO">Clicking link 'xpath://*[@id="bs-example-navbar-collapse-1"]/ul/li[3]/a'.</msg>
<status status="PASS" starttime="20220322 08:45:41.921" endtime="20220322 08:45:41.988"/>
</kw>
<kw name="Sleep" library="BuiltIn">
<arg>2</arg>
<doc>Pauses the test executed for the given time.</doc>
<msg timestamp="20220322 08:45:44.003" level="INFO">Slept 2 seconds</msg>
<status status="PASS" starttime="20220322 08:45:41.988" endtime="20220322 08:45:44.003"/>
</kw>
<kw name="Click Element" library="SeleniumLibrary">
<arg>${createAccountButton}</arg>
<doc>Click the element identified by ``locator``.</doc>
<msg timestamp="20220322 08:45:44.004" level="INFO">Clicking element 'xpath://*[@id="bs-example-navbar-collapse-1"]/ul/li[3]/ul/li/div[1]/div[2]/div[3]/a[2]'.</msg>
<status status="PASS" starttime="20220322 08:45:44.004" endtime="20220322 08:45:49.764"/>
</kw>
<kw name="Sleep" library="BuiltIn">
<arg>5</arg>
<doc>Pauses the test executed for the given time.</doc>
<msg timestamp="20220322 08:45:54.773" level="INFO">Slept 5 seconds</msg>
<status status="PASS" starttime="20220322 08:45:49.764" endtime="20220322 08:45:54.773"/>
</kw>
<kw name="Click Element" library="SeleniumLibrary">
<arg>${generalCreateAccountButton}</arg>
<doc>Click the element identified by ``locator``.</doc>
<msg timestamp="20220322 08:45:54.774" level="INFO">Clicking element 'xpath://*[@id="wcj"]/div/div/div[3]/div'.</msg>
<status status="PASS" starttime="20220322 08:45:54.773" endtime="20220322 08:45:54.871"/>
</kw>
<kw name="Sleep" library="BuiltIn">
<arg>2</arg>
<doc>Pauses the test executed for the given time.</doc>
<msg timestamp="20220322 08:45:56.882" level="INFO">Slept 2 seconds</msg>
<status status="PASS" starttime="20220322 08:45:54.871" endtime="20220322 08:45:56.882"/>
</kw>
<kw name="Input Text" library="SeleniumLibrary">
<arg>${nameTxtBox}</arg>
<arg>${username}</arg>
<doc>Types the given ``text`` into the text field identified by ``locator``.</doc>
<msg timestamp="20220322 08:45:56.882" level="INFO">Typing text 'Raihan' into text field 'xpath://*[@id="txtFirstName"]'.</msg>
<status status="PASS" starttime="20220322 08:45:56.882" endtime="20220322 08:45:56.981"/>
</kw>
<kw name="Sleep" library="BuiltIn">
<arg>2</arg>
<doc>Pauses the test executed for the given time.</doc>
<msg timestamp="20220322 08:45:58.986" level="INFO">Slept 2 seconds</msg>
<status status="PASS" starttime="20220322 08:45:56.981" endtime="20220322 08:45:58.986"/>
</kw>
<kw name="Click Element" library="SeleniumLibrary">
<arg>${sexButton}</arg>
<doc>Click the element identified by ``locator``.</doc>
<msg timestamp="20220322 08:45:58.986" level="INFO">Clicking element 'xpath://*[@id="wb"]/div[1]/div[2]/div/fieldset/div[3]/label'.</msg>
<status status="PASS" starttime="20220322 08:45:58.986" endtime="20220322 08:45:59.036"/>
</kw>
<kw name="Sleep" library="BuiltIn">
<arg>2</arg>
<doc>Pauses the test executed for the given time.</doc>
<msg timestamp="20220322 08:46:01.040" level="INFO">Slept 2 seconds</msg>
<status status="PASS" starttime="20220322 08:45:59.036" endtime="20220322 08:46:01.040"/>
</kw>
<kw name="Click Element" library="SeleniumLibrary">
<arg>${selectSkillDropDown}</arg>
<doc>Click the element identified by ``locator``.</doc>
<msg timestamp="20220322 08:46:01.040" level="INFO">Clicking element 'xpath://*[@id="selected_Cat"]/option[@value="8"]'.</msg>
<status status="PASS" starttime="20220322 08:46:01.040" endtime="20220322 08:46:01.078"/>
</kw>
<kw name="Sleep" library="BuiltIn">
<arg>2</arg>
<doc>Pauses the test executed for the given time.</doc>
<msg timestamp="20220322 08:46:03.087" level="INFO">Slept 2 seconds</msg>
<status status="PASS" starttime="20220322 08:46:01.078" endtime="20220322 08:46:03.087"/>
</kw>
<kw name="Input Text" library="SeleniumLibrary">
<arg>${emailTxtbox}</arg>
<arg>${email}</arg>
<doc>Types the given ``text`` into the text field identified by ``locator``.</doc>
<msg timestamp="20220322 08:46:03.087" level="INFO">Typing text 'rm.qups@gmail.com' into text field 'xpath://*[@id="txtEmail1"]'.</msg>
<status status="PASS" starttime="20220322 08:46:03.087" endtime="20220322 08:46:03.198"/>
</kw>
<kw name="Sleep" library="BuiltIn">
<arg>2</arg>
<doc>Pauses the test executed for the given time.</doc>
<msg timestamp="20220322 08:46:05.204" level="INFO">Slept 2 seconds</msg>
<status status="PASS" starttime="20220322 08:46:03.198" endtime="20220322 08:46:05.204"/>
</kw>
<kw name="Input Text" library="SeleniumLibrary">
<arg>${phonenumberTxtBox}</arg>
<arg>${phone}</arg>
<doc>Types the given ``text`` into the text field identified by ``locator``.</doc>
<msg timestamp="20220322 08:46:05.204" level="INFO">Typing text '01784054592' into text field 'xpath://*[@id="txtMobile"]'.</msg>
<status status="PASS" starttime="20220322 08:46:05.204" endtime="20220322 08:46:05.300"/>
</kw>
<kw name="Sleep" library="BuiltIn">
<arg>2</arg>
<doc>Pauses the test executed for the given time.</doc>
<msg timestamp="20220322 08:46:07.305" level="INFO">Slept 2 seconds</msg>
<status status="PASS" starttime="20220322 08:46:05.300" endtime="20220322 08:46:07.305"/>
</kw>
<kw name="Scroll Element Into View" library="SeleniumLibrary">
<arg>${agreeCheckBox}</arg>
<doc>Scrolls the element identified by ``locator`` into view.</doc>
<status status="PASS" starttime="20220322 08:46:07.305" endtime="20220322 08:46:07.586"/>
</kw>
<kw name="Click Element" library="SeleniumLibrary">
<arg>${phoneNumberCheckbox}</arg>
<doc>Click the element identified by ``locator``.</doc>
<msg timestamp="20220322 08:46:07.587" level="INFO">Clicking element 'xpath://*[@id="userInfo"]/div[1]/div/fieldset/div[3]/label/span[1]'.</msg>
<status status="PASS" starttime="20220322 08:46:07.586" endtime="20220322 08:46:07.645"/>
</kw>
<kw name="Sleep" library="BuiltIn">
<arg>2</arg>
<doc>Pauses the test executed for the given time.</doc>
<msg timestamp="20220322 08:46:09.653" level="INFO">Slept 2 seconds</msg>
<status status="PASS" starttime="20220322 08:46:07.645" endtime="20220322 08:46:09.653"/>
</kw>
<kw name="Input Text" library="SeleniumLibrary">
<arg>${passwordTxtbox}</arg>
<arg>${password}</arg>
<doc>Types the given ``text`` into the text field identified by ``locator``.</doc>
<msg timestamp="20220322 08:46:09.653" level="INFO">Typing text 'rm123456789' into text field 'xpath://*[@id="txtPassword"]'.</msg>
<status status="PASS" starttime="20220322 08:46:09.653" endtime="20220322 08:46:09.766"/>
</kw>
<kw name="Sleep" library="BuiltIn">
<arg>2</arg>
<doc>Pauses the test executed for the given time.</doc>
<msg timestamp="20220322 08:46:11.777" level="INFO">Slept 2 seconds</msg>
<status status="PASS" starttime="20220322 08:46:09.766" endtime="20220322 08:46:11.777"/>
</kw>
<kw name="Scroll Element Into View" library="SeleniumLibrary">
<arg>${aboutUs}</arg>
<doc>Scrolls the element identified by ``locator`` into view.</doc>
<status status="PASS" starttime="20220322 08:46:11.777" endtime="20220322 08:46:12.073"/>
</kw>
<kw name="Input Text" library="SeleniumLibrary">
<arg>${reTypePasswordTxtbox}</arg>
<arg>${password}</arg>
<doc>Types the given ``text`` into the text field identified by ``locator``.</doc>
<msg timestamp="20220322 08:46:12.073" level="INFO">Typing text 'rm123456789' into text field 'xpath://*[@id="txtRetypePassword"]'.</msg>
<status status="PASS" starttime="20220322 08:46:12.073" endtime="20220322 08:46:12.168"/>
</kw>
<kw name="Sleep" library="BuiltIn">
<arg>2</arg>
<doc>Pauses the test executed for the given time.</doc>
<msg timestamp="20220322 08:46:14.171" level="INFO">Slept 2 seconds</msg>
<status status="PASS" starttime="20220322 08:46:12.168" endtime="20220322 08:46:14.171"/>
</kw>
<kw name="Click Element" library="SeleniumLibrary">
<arg>${agreeCheckBox}</arg>
<doc>Click the element identified by ``locator``.</doc>
<msg timestamp="20220322 08:46:14.171" level="INFO">Clicking element 'xpath://*[@id="checkCodition"]'.</msg>
<status status="PASS" starttime="20220322 08:46:14.171" endtime="20220322 08:46:14.224"/>
</kw>
<status status="PASS" starttime="20220322 08:45:41.921" endtime="20220322 08:46:14.224"/>
</kw>
<kw name="Sleep" library="BuiltIn">
<arg>2</arg>
<doc>Pauses the test executed for the given time.</doc>
<msg timestamp="20220322 08:46:16.232" level="INFO">Slept 2 seconds</msg>
<status status="PASS" starttime="20220322 08:46:14.225" endtime="20220322 08:46:16.232"/>
</kw>
<kw name="Close my browser" library="loginKeywords">
<kw name="Close All Browsers" library="SeleniumLibrary">
<doc>Closes all open browsers and resets the browser cache.</doc>
<status status="PASS" starttime="20220322 08:46:16.232" endtime="20220322 08:46:18.405"/>
</kw>
<status status="PASS" starttime="20220322 08:46:16.232" endtime="20220322 08:46:18.405"/>
</kw>
<status status="PASS" starttime="20220322 08:45:18.757" endtime="20220322 08:46:18.405"/>
</test>
<status status="PASS" starttime="20220322 08:45:18.711" endtime="20220322 08:46:18.405"/>
</suite>
<suite id="s1-s17" name="test SemiGovernmentJob" source="F:\RMQUPS\Robot-Framework-practise-master\TestCases\test_SemiGovernmentJob.robot">
<test id="s1-s17-t1" name="MyBDJobs_Test">
<kw name="Open my browser" library="loginKeywords">
<arg>${url}</arg>
<arg>${browser}</arg>
<kw name="Open Browser" library="SeleniumLibrary">
<arg>${Siteurl}</arg>
<arg>${Browser}</arg>
<doc>Opens a new browser instance to the optional ``url``.</doc>
<msg timestamp="20220322 08:46:18.405" level="INFO">Opening browser 'chrome' to base url 'https://www.bdjobs.com/'.</msg>
<status status="PASS" starttime="20220322 08:46:18.405" endtime="20220322 08:46:31.068"/>
</kw>
<kw name="Sleep" library="BuiltIn">
<arg>5</arg>
<doc>Pauses the test executed for the given time.</doc>
<msg timestamp="20220322 08:46:36.078" level="INFO">Slept 5 seconds</msg>
<status status="PASS" starttime="20220322 08:46:31.069" endtime="20220322 08:46:36.078"/>
</kw>
<kw name="Maximize Browser Window" library="SeleniumLibrary">
<doc>Maximizes current browser window.</doc>
<status status="PASS" starttime="20220322 08:46:36.078" endtime="20220322 08:46:36.211"/>
</kw>
<status status="PASS" starttime="20220322 08:46:18.405" endtime="20220322 08:46:36.211"/>
</kw>
<kw name="Search_By_keywords" library="searchJobkeywords">
<arg>${jobname}</arg>
<kw name="Input Text" library="SeleniumLibrary">
<arg>${searchTxtBox}</arg>
<arg>${jobname}</arg>
<doc>Types the given ``text`` into the text field identified by ``locator``.</doc>
<msg timestamp="20220322 08:46:36.213" level="INFO">Typing text 'QA Engineer' into text field 'xpath://*[@id="txtKeyword"]'.</msg>
<status status="PASS" starttime="20220322 08:46:36.212" endtime="20220322 08:46:36.409"/>
</kw>
<kw name="Sleep" library="BuiltIn">
<arg>2</arg>
<doc>Pauses the test executed for the given time.</doc>
<msg timestamp="20220322 08:46:38.416" level="INFO">Slept 2 seconds</msg>
<status status="PASS" starttime="20220322 08:46:36.409" endtime="20220322 08:46:38.416"/>
</kw>
<status status="PASS" starttime="20220322 08:46:36.211" endtime="20220322 08:46:38.416"/>
</kw>
<kw name="Select_Organization_Type_For_SEMI_GOVERNMENT" library="searchJobkeywords">
<kw name="Select From List By Index" library="SeleniumLibrary">
<arg>${organizationType}</arg>
<arg>2</arg>
<doc>Selects options from selection list ``locator`` by ``indexes``.</doc>
<msg timestamp="20220322 08:46:38.420" level="INFO">Selecting options from selection list 'xpath://*[@id="qOT"]' by index 2.</msg>
<status status="PASS" starttime="20220322 08:46:38.420" endtime="20220322 08:46:38.530"/>
</kw>
<status status="PASS" starttime="20220322 08:46:38.419" endtime="20220322 08:46:38.530"/>
</kw>
<kw name="Submit" library="searchJobkeywords">
<kw name="Click Element" library="SeleniumLibrary">
<arg>${searchSubmitButton}</arg>
<doc>Click the element identified by ``locator``.</doc>
<msg timestamp="20220322 08:46:38.531" level="INFO">Clicking element 'xpath://*[@id="main"]/div/div[1]/div/div[1]/form/input[2]'.</msg>
<status status="PASS" starttime="20220322 08:46:38.531" endtime="20220322 08:46:38.637"/>
</kw>
<status status="PASS" starttime="20220322 08:46:38.531" endtime="20220322 08:46:38.637"/>
</kw>
<kw name="Sleep" library="BuiltIn">
<arg>5</arg>
<doc>Pauses the test executed for the given time.</doc>
<msg timestamp="20220322 08:46:43.651" level="INFO">Slept 5 seconds</msg>
<status status="PASS" starttime="20220322 08:46:38.638" endtime="20220322 08:46:43.651"/>
</kw>
<kw name="Close my browser" library="loginKeywords">
<kw name="Close All Browsers" library="SeleniumLibrary">
<doc>Closes all open browsers and resets the browser cache.</doc>
<status status="PASS" starttime="20220322 08:46:43.653" endtime="20220322 08:46:45.834"/>
</kw>
<status status="PASS" starttime="20220322 08:46:43.652" endtime="20220322 08:46:45.834"/>
</kw>
<status status="PASS" starttime="20220322 08:46:18.405" endtime="20220322 08:46:45.834"/>
</test>
<status status="PASS" starttime="20220322 08:46:18.405" endtime="20220322 08:46:45.834"/>
</suite>
<suite id="s1-s18" name="test SylhetJobs" source="F:\RMQUPS\Robot-Framework-practise-master\TestCases\test_SylhetJobs.robot">
<test id="s1-s18-t1" name="MyBDJobs_Test">
<kw name="Open my browser" library="loginKeywords">
<arg>${url}</arg>
<arg>${browser}</arg>
<kw name="Open Browser" library="SeleniumLibrary">
<arg>${Siteurl}</arg>
<arg>${Browser}</arg>
<doc>Opens a new browser instance to the optional ``url``.</doc>
<msg timestamp="20220322 08:46:45.834" level="INFO">Opening browser 'chrome' to base url 'https://www.bdjobs.com/'.</msg>
<status status="PASS" starttime="20220322 08:46:45.834" endtime="20220322 08:46:52.326"/>
</kw>
<kw name="Sleep" library="BuiltIn">
<arg>5</arg>
<doc>Pauses the test executed for the given time.</doc>
<msg timestamp="20220322 08:46:57.330" level="INFO">Slept 5 seconds</msg>
<status status="PASS" starttime="20220322 08:46:52.326" endtime="20220322 08:46:57.330"/>
</kw>
<kw name="Maximize Browser Window" library="SeleniumLibrary">
<doc>Maximizes current browser window.</doc>
<status status="PASS" starttime="20220322 08:46:57.330" endtime="20220322 08:46:57.490"/>
</kw>
<status status="PASS" starttime="20220322 08:46:45.834" endtime="20220322 08:46:57.490"/>
</kw>
<kw name="Show_Sylhet_Jobs" library="divisionalJobsKeywords">
<kw name="Click Link" library="SeleniumLibrary">
<arg>${sylhetjobs}</arg>
<doc>Clicks a link identified by ``locator``.</doc>
<msg timestamp="20220322 08:46:57.491" level="INFO">Clicking link 'xpath://*[@id="main"]/div/div[2]/div/div[1]/div/a[4]'.</msg>
<status status="PASS" starttime="20220322 08:46:57.491" endtime="20220322 08:46:57.644"/>
</kw>
<status status="PASS" starttime="20220322 08:46:57.491" endtime="20220322 08:46:57.644"/>
</kw>
<kw name="Sleep" library="BuiltIn">
<arg>5</arg>
<doc>Pauses the test executed for the given time.</doc>
<msg timestamp="20220322 08:47:02.657" level="INFO">Slept 5 seconds</msg>
<status status="PASS" starttime="20220322 08:46:57.645" endtime="20220322 08:47:02.657"/>
</kw>
<kw name="Close my browser" library="loginKeywords">
<kw name="Close All Browsers" library="SeleniumLibrary">
<doc>Closes all open browsers and resets the browser cache.</doc>
<status status="PASS" starttime="20220322 08:47:02.658" endtime="20220322 08:47:04.853"/>
</kw>
<status status="PASS" starttime="20220322 08:47:02.658" endtime="20220322 08:47:04.853"/>
</kw>
<status status="PASS" starttime="20220322 08:46:45.834" endtime="20220322 08:47:04.853"/>
</test>
<status status="PASS" starttime="20220322 08:46:45.834" endtime="20220322 08:47:04.853"/>
</suite>
<suite id="s1-s19" name="test Tender" source="F:\RMQUPS\Robot-Framework-practise-master\TestCases\test_Tender.robot">
<test id="s1-s19-t1" name="MyBDJobs_Test">
<kw name="Open my browser" library="loginKeywords">
<arg>${url}</arg>
<arg>${browser}</arg>
<kw name="Open Browser" library="SeleniumLibrary">
<arg>${Siteurl}</arg>
<arg>${Browser}</arg>
<doc>Opens a new browser instance to the optional ``url``.</doc>
<msg timestamp="20220322 08:47:04.853" level="INFO">Opening browser 'chrome' to base url 'https://www.bdjobs.com/'.</msg>
<status status="PASS" starttime="20220322 08:47:04.853" endtime="20220322 08:47:11.205"/>
</kw>
<kw name="Sleep" library="BuiltIn">
<arg>5</arg>
<doc>Pauses the test executed for the given time.</doc>
<msg timestamp="20220322 08:47:16.209" level="INFO">Slept 5 seconds</msg>
<status status="PASS" starttime="20220322 08:47:11.206" endtime="20220322 08:47:16.209"/>
</kw>
<kw name="Maximize Browser Window" library="SeleniumLibrary">
<doc>Maximizes current browser window.</doc>
<status status="PASS" starttime="20220322 08:47:16.209" endtime="20220322 08:47:16.357"/>
</kw>
<status status="PASS" starttime="20220322 08:47:04.853" endtime="20220322 08:47:16.357"/>
</kw>
<kw name="Login" library="loginKeywords">
<arg>${email}</arg>
<arg>${password}</arg>
<kw name="Sleep" library="BuiltIn">
<arg>2</arg>
<doc>Pauses the test executed for the given time.</doc>
<msg timestamp="20220322 08:47:18.367" level="INFO">Slept 2 seconds</msg>
<status status="PASS" starttime="20220322 08:47:16.359" endtime="20220322 08:47:18.367"/>
</kw>
<kw name="Click Link" library="SeleniumLibrary">
<arg>${signIn_locator}</arg>
<doc>Clicks a link identified by ``locator``.</doc>
<msg timestamp="20220322 08:47:18.368" level="INFO">Clicking link 'xpath://*[@id="bs-example-navbar-collapse-1"]/ul/li[3]/a'.</msg>
<status status="PASS" starttime="20220322 08:47:18.367" endtime="20220322 08:47:18.432"/>
</kw>
<kw name="Sleep" library="BuiltIn">
<arg>2</arg>
<doc>Pauses the test executed for the given time.</doc>
<msg timestamp="20220322 08:47:20.441" level="INFO">Slept 2 seconds</msg>
<status status="PASS" starttime="20220322 08:47:18.432" endtime="20220322 08:47:20.441"/>
</kw>
<kw name="Click Element" library="SeleniumLibrary">
<arg>${signIn_locator2}</arg>
<doc>Click the element identified by ``locator``.</doc>
<msg timestamp="20220322 08:47:20.441" level="INFO">Clicking element 'xpath://*[@id="bs-example-navbar-collapse-1"]/ul/li[3]/ul/li/div[1]/div[2]/div[3]/a[1]'.</msg>
<status status="PASS" starttime="20220322 08:47:20.441" endtime="20220322 08:47:23.472"/>
</kw>
<kw name="Sleep" library="BuiltIn">
<arg>2</arg>
<doc>Pauses the test executed for the given time.</doc>
<msg timestamp="20220322 08:47:25.486" level="INFO">Slept 2 seconds</msg>
<status status="PASS" starttime="20220322 08:47:23.472" endtime="20220322 08:47:25.486"/>
</kw>
<kw name="Input Text" library="SeleniumLibrary">
<arg>${enter_username_textbox_locator}</arg>
<arg>${username}</arg>
<doc>Types the given ``text`` into the text field identified by ``locator``.</doc>
<msg timestamp="20220322 08:47:25.487" level="INFO">Typing text 'rm.qups@gmail.com' into text field 'id:TXTUSERNAME'.</msg>
<status status="PASS" starttime="20220322 08:47:25.487" endtime="20220322 08:47:25.586"/>
</kw>
<kw name="Sleep" library="BuiltIn">
<arg>2</arg>
<doc>Pauses the test executed for the given time.</doc>
<msg timestamp="20220322 08:47:27.592" level="INFO">Slept 2 seconds</msg>
<status status="PASS" starttime="20220322 08:47:25.587" endtime="20220322 08:47:27.592"/>
</kw>
<kw name="Click Element" library="SeleniumLibrary">
<arg>${next_button_locator}</arg>
<doc>Click the element identified by ``locator``.</doc>
<msg timestamp="20220322 08:47:27.592" level="INFO">Clicking element 'xpath://*[@id="form1"]/div[2]/div/div[2]/div/div[2]/input'.</msg>
<status status="PASS" starttime="20220322 08:47:27.592" endtime="20220322 08:47:28.491"/>
</kw>
<kw name="Sleep" library="BuiltIn">
<arg>2</arg>
<doc>Pauses the test executed for the given time.</doc>
<msg timestamp="20220322 08:47:30.503" level="INFO">Slept 2 seconds</msg>
<status status="PASS" starttime="20220322 08:47:28.491" endtime="20220322 08:47:30.503"/>
</kw>
<kw name="Input Text" library="SeleniumLibrary">
<arg>${enter_password_button}</arg>
<arg>${password}</arg>
<doc>Types the given ``text`` into the text field identified by ``locator``.</doc>
<msg timestamp="20220322 08:47:30.503" level="INFO">Typing text 'rm123456789' into text field 'id:TXTPASS'.</msg>
<status status="PASS" starttime="20220322 08:47:30.503" endtime="20220322 08:47:30.586"/>
</kw>
<kw name="Sleep" library="BuiltIn">
<arg>2</arg>
<doc>Pauses the test executed for the given time.</doc>
<msg timestamp="20220322 08:47:32.595" level="INFO">Slept 2 seconds</msg>
<status status="PASS" starttime="20220322 08:47:30.586" endtime="20220322 08:47:32.595"/>
</kw>
<kw name="Click Element" library="SeleniumLibrary">
<arg>${submit_button_locator}</arg>
<doc>Click the element identified by ``locator``.</doc>
<msg timestamp="20220322 08:47:32.595" level="INFO">Clicking element 'xpath://*[@id="form1"]/div[2]/div/div[2]/div/div[2]/input'.</msg>
<status status="PASS" starttime="20220322 08:47:32.595" endtime="20220322 08:47:32.655"/>
</kw>
<kw name="Sleep" library="BuiltIn">
<arg>5</arg>
<doc>Pauses the test executed for the given time.</doc>
<msg timestamp="20220322 08:47:37.668" level="INFO">Slept 5 seconds</msg>
<status status="PASS" starttime="20220322 08:47:32.655" endtime="20220322 08:47:37.668"/>
</kw>
<status status="PASS" starttime="20220322 08:47:16.358" endtime="20220322 08:47:37.668"/>
</kw>
<kw name="Open_Tender" library="navbarKeywords">
<kw name="Click Link" library="SeleniumLibrary">
<arg>${tenderbutton}</arg>
<doc>Clicks a link identified by ``locator``.</doc>
<msg timestamp="20220322 08:47:37.670" level="INFO">Clicking link 'xpath://*[@id="lin_header_top02"]/div/div/div/div/ul/li[4]/a'.</msg>
<status status="PASS" starttime="20220322 08:47:37.669" endtime="20220322 08:47:37.824"/>
</kw>
<kw name="Sleep" library="BuiltIn">
<arg>2</arg>
<doc>Pauses the test executed for the given time.</doc>
<msg timestamp="20220322 08:47:39.828" level="INFO">Slept 2 seconds</msg>
<status status="PASS" starttime="20220322 08:47:37.824" endtime="20220322 08:47:39.828"/>
</kw>
<status status="PASS" starttime="20220322 08:47:37.669" endtime="20220322 08:47:39.828"/>
</kw>
<kw name="Tender Assertion" library="navbarKeywords">
<kw name="Element Should Be Enabled" library="SeleniumLibrary">
<arg>${tenderbutton}</arg>
<doc>Verifies that element identified by ``locator`` is enabled.</doc>
<status status="PASS" starttime="20220322 08:47:39.829" endtime="20220322 08:47:39.858"/>
</kw>
<status status="PASS" starttime="20220322 08:47:39.829" endtime="20220322 08:47:39.858"/>
</kw>
<kw name="Close my browser" library="loginKeywords">
<kw name="Close All Browsers" library="SeleniumLibrary">
<doc>Closes all open browsers and resets the browser cache.</doc>
<status status="PASS" starttime="20220322 08:47:39.859" endtime="20220322 08:47:42.008"/>
</kw>
<status status="PASS" starttime="20220322 08:47:39.858" endtime="20220322 08:47:42.008"/>
</kw>
<status status="PASS" starttime="20220322 08:47:04.853" endtime="20220322 08:47:42.008"/>
</test>
<status status="PASS" starttime="20220322 08:47:04.853" endtime="20220322 08:47:42.008"/>
</suite>
<suite id="s1-s20" name="test Vacancies" source="F:\RMQUPS\Robot-Framework-practise-master\TestCases\test_Vacancies.robot">
<test id="s1-s20-t1" name="MyBDJobs_Test">
<kw name="Open my browser" library="loginKeywords">
<arg>${url}</arg>
<arg>${browser}</arg>
<kw name="Open Browser" library="SeleniumLibrary">
<arg>${Siteurl}</arg>
<arg>${Browser}</arg>
<doc>Opens a new browser instance to the optional ``url``.</doc>
<msg timestamp="20220322 08:47:42.008" level="INFO">Opening browser 'chrome' to base url 'https://www.bdjobs.com/'.</msg>
<status status="PASS" starttime="20220322 08:47:42.008" endtime="20220322 08:47:48.614"/>
</kw>
<kw name="Sleep" library="BuiltIn">
<arg>5</arg>
<doc>Pauses the test executed for the given time.</doc>
<msg timestamp="20220322 08:47:53.618" level="INFO">Slept 5 seconds</msg>
<status status="PASS" starttime="20220322 08:47:48.614" endtime="20220322 08:47:53.618"/>
</kw>
<kw name="Maximize Browser Window" library="SeleniumLibrary">
<doc>Maximizes current browser window.</doc>
<status status="PASS" starttime="20220322 08:47:53.618" endtime="20220322 08:47:53.762"/>
</kw>
<status status="PASS" starttime="20220322 08:47:42.008" endtime="20220322 08:47:53.763"/>
</kw>
<kw name="Show_Vacancies" library="underJobSearchKeywords">
<kw name="Click Element" library="SeleniumLibrary">
<arg>${vacanciesButton}</arg>
<doc>Click the element identified by ``locator``.</doc>
<msg timestamp="20220322 08:47:53.764" level="INFO">Clicking element 'xpath://*[@id="main"]/div/div[1]/div/div[2]/a[2]/div/div'.</msg>
<status status="PASS" starttime="20220322 08:47:53.764" endtime="20220322 08:47:58.878"/>
</kw>
<status status="PASS" starttime="20220322 08:47:53.763" endtime="20220322 08:47:58.878"/>
</kw>
<kw name="Sleep" library="BuiltIn">
<arg>5</arg>
<doc>Pauses the test executed for the given time.</doc>
<msg timestamp="20220322 08:48:03.883" level="INFO">Slept 5 seconds</msg>
<status status="PASS" starttime="20220322 08:47:58.878" endtime="20220322 08:48:03.883"/>
</kw>
<kw name="Close my browser" library="loginKeywords">
<kw name="Close All Browsers" library="SeleniumLibrary">
<doc>Closes all open browsers and resets the browser cache.</doc>
<status status="PASS" starttime="20220322 08:48:03.884" endtime="20220322 08:48:06.076"/>
</kw>
<status status="PASS" starttime="20220322 08:48:03.884" endtime="20220322 08:48:06.076"/>
</kw>
<status status="PASS" starttime="20220322 08:47:42.008" endtime="20220322 08:48:06.076"/>
</test>
<status status="PASS" starttime="20220322 08:47:42.008" endtime="20220322 08:48:06.076"/>
</suite>
<status status="PASS" starttime="20220322 08:38:46.542" endtime="20220322 08:48:06.076"/>
</suite>
<statistics>
<total>
<stat pass="20" fail="0" skip="0">All Tests</stat>
</total>
<tag>
</tag>
<suite>
<stat pass="20" fail="0" skip="0" id="s1" name="TestCases">TestCases</stat>
<stat pass="1" fail="0" skip="0" id="s1-s1" name="test BarishalJobs">TestCases.test BarishalJobs</stat>
<stat pass="1" fail="0" skip="0" id="s1-s2" name="test Companies">TestCases.test Companies</stat>
<stat pass="1" fail="0" skip="0" id="s1-s3" name="test DhakaJobs">TestCases.test DhakaJobs</stat>
<stat pass="1" fail="0" skip="0" id="s1-s4" name="test Elearning">TestCases.test Elearning</stat>
<stat pass="1" fail="0" skip="0" id="s1-s5" name="test Employers">TestCases.test Employers</stat>
<stat pass="1" fail="0" skip="0" id="s1-s6" name="test GovernmentJob">TestCases.test GovernmentJob</stat>
<stat pass="1" fail="0" skip="0" id="s1-s7" name="test InternationalAgencies">TestCases.test InternationalAgencies</stat>
<stat pass="1" fail="0" skip="0" id="s1-s8" name="test KhulnaJobs">TestCases.test KhulnaJobs</stat>
<stat pass="1" fail="0" skip="0" id="s1-s9" name="test LiveJobs">TestCases.test LiveJobs</stat>
<stat pass="1" fail="0" skip="0" id="s1-s10" name="test Login">TestCases.test Login</stat>
<stat pass="1" fail="0" skip="0" id="s1-s11" name="test Mybdjobs">TestCases.test Mybdjobs</stat>
<stat pass="1" fail="0" skip="0" id="s1-s12" name="test NewJobs">TestCases.test NewJobs</stat>
<stat pass="1" fail="0" skip="0" id="s1-s13" name="test NGOJobs">TestCases.test NGOJobs</stat>
<stat pass="1" fail="0" skip="0" id="s1-s14" name="test Others">TestCases.test Others</stat>
<stat pass="1" fail="0" skip="0" id="s1-s15" name="test PrivateFirm">TestCases.test PrivateFirm</stat>
<stat pass="1" fail="0" skip="0" id="s1-s16" name="test Registration">TestCases.test Registration</stat>
<stat pass="1" fail="0" skip="0" id="s1-s17" name="test SemiGovernmentJob">TestCases.test SemiGovernmentJob</stat>
<stat pass="1" fail="0" skip="0" id="s1-s18" name="test SylhetJobs">TestCases.test SylhetJobs</stat>
<stat pass="1" fail="0" skip="0" id="s1-s19" name="test Tender">TestCases.test Tender</stat>
<stat pass="1" fail="0" skip="0" id="s1-s20" name="test Vacancies">TestCases.test Vacancies</stat>
</suite>
</statistics>
<errors>
</errors>
</robot>
